New log file opened at Mon Nov 28 22:39:25 EST 2016 by 9748@Pratham
Sending msg to client play-fork-run-ca745726-3d74-4bb5-b22c-3a66fd1f7116: DetachedLogEvent(LogMessage(debug,sbt server socket logs are in: F:\MS\UGA\A_Semesters\2016 Fall\DBM\DBProject5\play-java-intro\.sbtserver\connections\master.log))
Sending msg to client play-fork-run-ca745726-3d74-4bb5-b22c-3a66fd1f7116: DetachedLogEvent(LogMessage(debug,sbt general server logs are in: F:\MS\UGA\A_Semesters\2016 Fall\DBM\DBProject5\play-java-intro\.sbtserver\master.log))
Sending msg to client play-fork-run-ca745726-3d74-4bb5-b22c-3a66fd1f7116: DetachedLogEvent(LogMessage(debug,sbt client logs are in: F:\MS\UGA\A_Semesters\2016 Fall\DBM\DBProject5\play-java-intro\.sbtserver\connections\play-fork-run-ca745726-3d74-4bb5-b22c-3a66fd1f7116.log))
Reading next message from client.
Got request: DaemonRequest(true)
Reading next message from client.
Sending msg to client play-fork-run-ca745726-3d74-4bb5-b22c-3a66fd1f7116: (3,ReceivedResponse())
Got request: ListenToEvents()
Reading next message from client.
Sending msg to client play-fork-run-ca745726-3d74-4bb5-b22c-3a66fd1f7116: BackgroundJobStarted(39,BackgroundJobInfo(6,backgroundRun,AttributeKey[sbt.BackgroundJobHandle]("backgroundRun") in Scope(Build: file:/F:/MS/UGA/A_Semesters/2016%20Fall/DBM/DBProject5/play-java-intro/, , Project: ProjectReference(file:/F:/MS/UGA/A_Semesters/2016%20Fall/DBM/DBProject5/play-java-intro/,root), Config: compile)))
Sending msg to client play-fork-run-ca745726-3d74-4bb5-b22c-3a66fd1f7116: (4,ReceivedResponse())
Got request: KeyLookupRequest(root/playForkConfig)
Reading next message from client.
Sending msg to client play-fork-run-ca745726-3d74-4bb5-b22c-3a66fd1f7116: (5,KeyLookupResponse(root/playForkConfig,Vector(AttributeKey[play.forkrun.protocol.ForkConfig]("playForkConfig") in Scope(Build: file:/F:/MS/UGA/A_Semesters/2016%20Fall/DBM/DBProject5/play-java-intro/, , Project: ProjectReference(file:/F:/MS/UGA/A_Semesters/2016%20Fall/DBM/DBProject5/play-java-intro/,root)))))
Got request: ListenToValue(AttributeKey[play.forkrun.protocol.ForkConfig]("playForkConfig") in Scope(Build: file:/F:/MS/UGA/A_Semesters/2016%20Fall/DBM/DBProject5/play-java-intro/, , Project: ProjectReference(file:/F:/MS/UGA/A_Semesters/2016%20Fall/DBM/DBProject5/play-java-intro/,root)))
Reading next message from client.
Sending msg to client play-fork-run-ca745726-3d74-4bb5-b22c-3a66fd1f7116: (6,ReceivedResponse())
Got request: KeyExecutionRequest(AttributeKey[play.forkrun.protocol.ForkConfig]("playForkConfig") in Scope(Build: file:/F:/MS/UGA/A_Semesters/2016%20Fall/DBM/DBProject5/play-java-intro/, , Project: ProjectReference(file:/F:/MS/UGA/A_Semesters/2016%20Fall/DBM/DBProject5/play-java-intro/,root)))
Reading next message from client.
Sending msg to client play-fork-run-ca745726-3d74-4bb5-b22c-3a66fd1f7116: (7,ExecutionRequestReceived(40))
Sending msg to client play-fork-run-ca745726-3d74-4bb5-b22c-3a66fd1f7116: ExecutionWaiting(40,{file:/F:/MS/UGA/A_Semesters/2016%20Fall/DBM/DBProject5/play-java-intro/}root/*:playForkConfig,ClientInfo(ca745726-3d74-4bb5-b22c-3a66fd1f7116,play-fork-run,Play Fork Run,1,Vector()))
Sending msg to client play-fork-run-ca745726-3d74-4bb5-b22c-3a66fd1f7116: ExecutionStarting(40)
Sending msg to client play-fork-run-ca745726-3d74-4bb5-b22c-3a66fd1f7116: DetachedLogEvent(LogMessage(debug,> {file:/F:/MS/UGA/A_Semesters/2016%20Fall/DBM/DBProject5/play-java-intro/}root/*:playForkConfig))
Sending msg to client play-fork-run-ca745726-3d74-4bb5-b22c-3a66fd1f7116: DetachedLogEvent(LogMessage(debug,Evaluating tasks: *:playForkConfig))
Sending msg to client play-fork-run-ca745726-3d74-4bb5-b22c-3a66fd1f7116: DetachedLogEvent(LogMessage(debug,Running task... Cancel: sbt.server.ServerTaskCancellation@49b0e667, check cycles: false))
Sending msg to client play-fork-run-ca745726-3d74-4bb5-b22c-3a66fd1f7116: DetachedLogEvent(LogMessage(debug,cancel strategy start enabled=true lastCommand=Some(LastCommand(CommandExecutionWork(ExecutionId(40),{file:/F:/MS/UGA/A_Semesters/2016%20Fall/DBM/DBProject5/play-java-intro/}root/*:playForkConfig,Set(LiveClient(play-fork-run ca745726-3d74-4bb5-b22c-3a66fd1f7116)),sbt.server.WorkCancellationStatus$$anon$1@5570c779)))))
Sending msg to client play-fork-run-ca745726-3d74-4bb5-b22c-3a66fd1f7116: TaskStarted(40,3396,Some(AttributeKey[boolean]("skip") in Scope(Global)))
Sending msg to client play-fork-run-ca745726-3d74-4bb5-b22c-3a66fd1f7116: TaskStarted(40,3400,None)
Sending msg to client play-fork-run-ca745726-3d74-4bb5-b22c-3a66fd1f7116: TaskStarted(40,3401,None)
Sending msg to client play-fork-run-ca745726-3d74-4bb5-b22c-3a66fd1f7116: TaskStarted(40,3402,Some(AttributeKey[java.lang.String]("updateCacheName") in Scope(Build: file:/F:/MS/UGA/A_Semesters/2016%20Fall/DBM/DBProject5/play-java-intro/, , Project: ProjectReference(file:/F:/MS/UGA/A_Semesters/2016%20Fall/DBM/DBProject5/play-java-intro/,root))))
Sending msg to client play-fork-run-ca745726-3d74-4bb5-b22c-3a66fd1f7116: TaskStarted(40,3406,None)
Sending msg to client play-fork-run-ca745726-3d74-4bb5-b22c-3a66fd1f7116: TaskStarted(40,3407,None)
Sending msg to client play-fork-run-ca745726-3d74-4bb5-b22c-3a66fd1f7116: TaskStarted(40,3408,None)
Sending msg to client play-fork-run-ca745726-3d74-4bb5-b22c-3a66fd1f7116: TaskStarted(40,3412,Some(AttributeKey[scala.collection.Seq[sbt.Credentials]]("credentials") in Scope(Global)))
Sending msg to client play-fork-run-ca745726-3d74-4bb5-b22c-3a66fd1f7116: TaskStarted(40,3416,Some(AttributeKey[scala.Option[scala.collection.Seq[sbt.Resolver]]]("bootResolvers") in Scope(Build: file:/F:/MS/UGA/A_Semesters/2016%20Fall/DBM/DBProject5/play-java-intro/, , Project: ProjectReference(file:/F:/MS/UGA/A_Semesters/2016%20Fall/DBM/DBProject5/play-java-intro/,root))))
Sending msg to client play-fork-run-ca745726-3d74-4bb5-b22c-3a66fd1f7116: TaskStarted(40,3417,Some(AttributeKey[scala.collection.Seq[sbt.Resolver]]("externalResolvers") in Scope(Build: file:/F:/MS/UGA/A_Semesters/2016%20Fall/DBM/DBProject5/play-java-intro/, , Project: ProjectReference(file:/F:/MS/UGA/A_Semesters/2016%20Fall/DBM/DBProject5/play-java-intro/,root))))
Sending msg to client play-fork-run-ca745726-3d74-4bb5-b22c-3a66fd1f7116: TaskStarted(40,3427,None)
Sending msg to client play-fork-run-ca745726-3d74-4bb5-b22c-3a66fd1f7116: TaskStarted(40,3429,Some(AttributeKey[scala.collection.Seq[java.lang.String]]("javaOptions") in Scope(Global)))
Sending msg to client play-fork-run-ca745726-3d74-4bb5-b22c-3a66fd1f7116: TaskStarted(40,3430,None)
Sending msg to client play-fork-run-ca745726-3d74-4bb5-b22c-3a66fd1f7116: TaskStarted(40,3432,Some(AttributeKey[scala.Tuple2[java.lang.String,java.io.File]]("playPrefixAndAssets") in Scope(Build: file:/F:/MS/UGA/A_Semesters/2016%20Fall/DBM/DBProject5/play-java-intro/, , Project: ProjectReference(file:/F:/MS/UGA/A_Semesters/2016%20Fall/DBM/DBProject5/play-java-intro/,root))))
Sending msg to client play-fork-run-ca745726-3d74-4bb5-b22c-3a66fd1f7116: TaskStarted(40,3434,None)
Sending msg to client play-fork-run-ca745726-3d74-4bb5-b22c-3a66fd1f7116: TaskStarted(40,3444,None)
Sending msg to client play-fork-run-ca745726-3d74-4bb5-b22c-3a66fd1f7116: TaskStarted(40,3448,Some(AttributeKey[scala.Option[java.lang.String]]("mainClass") in Scope(Build: file:/F:/MS/UGA/A_Semesters/2016%20Fall/DBM/DBProject5/play-java-intro/, , Project: ProjectReference(file:/F:/MS/UGA/A_Semesters/2016%20Fall/DBM/DBProject5/play-java-intro/,root), Config: compile, Task: AttributeKey[void]("run"))))
Sending msg to client play-fork-run-ca745726-3d74-4bb5-b22c-3a66fd1f7116: TaskFinished(40,3396,Some(AttributeKey[boolean]("skip") in Scope(Global)),true,None)
Sending msg to client play-fork-run-ca745726-3d74-4bb5-b22c-3a66fd1f7116: TaskFinished(40,3401,None,true,None)
Sending msg to client play-fork-run-ca745726-3d74-4bb5-b22c-3a66fd1f7116: TaskStarted(40,3403,Some(AttributeKey[java.io.File]("dependencyCacheDirectory") in Scope(Build: file:/F:/MS/UGA/A_Semesters/2016%20Fall/DBM/DBProject5/play-java-intro/, , Project: ProjectReference(file:/F:/MS/UGA/A_Semesters/2016%20Fall/DBM/DBProject5/play-java-intro/,root))))
Sending msg to client play-fork-run-ca745726-3d74-4bb5-b22c-3a66fd1f7116: TaskStarted(40,3421,Some(AttributeKey[sbt.BuildStructure]("buildStructure") in Scope(Global)))
Sending msg to client play-fork-run-ca745726-3d74-4bb5-b22c-3a66fd1f7116: TaskFinished(40,3400,None,true,None)
Sending msg to client play-fork-run-ca745726-3d74-4bb5-b22c-3a66fd1f7116: TaskStarted(40,3399,None)
Sending msg to client play-fork-run-ca745726-3d74-4bb5-b22c-3a66fd1f7116: TaskStarted(40,3404,None)
Sending msg to client play-fork-run-ca745726-3d74-4bb5-b22c-3a66fd1f7116: TaskStarted(40,3411,None)
Sending msg to client play-fork-run-ca745726-3d74-4bb5-b22c-3a66fd1f7116: TaskStarted(40,3414,None)
Sending msg to client play-fork-run-ca745726-3d74-4bb5-b22c-3a66fd1f7116: TaskStarted(40,3422,None)
Sending msg to client play-fork-run-ca745726-3d74-4bb5-b22c-3a66fd1f7116: TaskStarted(40,3436,None)
Sending msg to client play-fork-run-ca745726-3d74-4bb5-b22c-3a66fd1f7116: TaskStarted(40,3439,None)
Sending msg to client play-fork-run-ca745726-3d74-4bb5-b22c-3a66fd1f7116: TaskStarted(40,3447,None)
Sending msg to client play-fork-run-ca745726-3d74-4bb5-b22c-3a66fd1f7116: TaskFinished(40,3407,None,true,None)
Sending msg to client play-fork-run-ca745726-3d74-4bb5-b22c-3a66fd1f7116: TaskFinished(40,3408,None,true,None)
Sending msg to client play-fork-run-ca745726-3d74-4bb5-b22c-3a66fd1f7116: TaskFinished(40,3402,Some(AttributeKey[java.lang.String]("updateCacheName") in Scope(Build: file:/F:/MS/UGA/A_Semesters/2016%20Fall/DBM/DBProject5/play-java-intro/, , Project: ProjectReference(file:/F:/MS/UGA/A_Semesters/2016%20Fall/DBM/DBProject5/play-java-intro/,root))),true,None)
Sending msg to client play-fork-run-ca745726-3d74-4bb5-b22c-3a66fd1f7116: TaskFinished(40,3412,Some(AttributeKey[scala.collection.Seq[sbt.Credentials]]("credentials") in Scope(Global)),true,None)
Sending msg to client play-fork-run-ca745726-3d74-4bb5-b22c-3a66fd1f7116: TaskFinished(40,3416,Some(AttributeKey[scala.Option[scala.collection.Seq[sbt.Resolver]]]("bootResolvers") in Scope(Build: file:/F:/MS/UGA/A_Semesters/2016%20Fall/DBM/DBProject5/play-java-intro/, , Project: ProjectReference(file:/F:/MS/UGA/A_Semesters/2016%20Fall/DBM/DBProject5/play-java-intro/,root))),true,None)
Sending msg to client play-fork-run-ca745726-3d74-4bb5-b22c-3a66fd1f7116: TaskFinished(40,3417,Some(AttributeKey[scala.collection.Seq[sbt.Resolver]]("externalResolvers") in Scope(Build: file:/F:/MS/UGA/A_Semesters/2016%20Fall/DBM/DBProject5/play-java-intro/, , Project: ProjectReference(file:/F:/MS/UGA/A_Semesters/2016%20Fall/DBM/DBProject5/play-java-intro/,root))),true,None)
Sending msg to client play-fork-run-ca745726-3d74-4bb5-b22c-3a66fd1f7116: TaskFinished(40,3427,None,true,None)
Sending msg to client play-fork-run-ca745726-3d74-4bb5-b22c-3a66fd1f7116: TaskFinished(40,3429,Some(AttributeKey[scala.collection.Seq[java.lang.String]]("javaOptions") in Scope(Global)),true,None)
Sending msg to client play-fork-run-ca745726-3d74-4bb5-b22c-3a66fd1f7116: TaskFinished(40,3430,None,true,None)
Sending msg to client play-fork-run-ca745726-3d74-4bb5-b22c-3a66fd1f7116: TaskStarted(40,3428,Some(AttributeKey[scala.collection.Seq[java.lang.String]]("javaOptions") in Scope(Build: file:/F:/MS/UGA/A_Semesters/2016%20Fall/DBM/DBProject5/play-java-intro/, )))
Sending msg to client play-fork-run-ca745726-3d74-4bb5-b22c-3a66fd1f7116: TaskFinished(40,3432,Some(AttributeKey[scala.Tuple2[java.lang.String,java.io.File]]("playPrefixAndAssets") in Scope(Build: file:/F:/MS/UGA/A_Semesters/2016%20Fall/DBM/DBProject5/play-java-intro/, , Project: ProjectReference(file:/F:/MS/UGA/A_Semesters/2016%20Fall/DBM/DBProject5/play-java-intro/,root))),true,None)
Sending msg to client play-fork-run-ca745726-3d74-4bb5-b22c-3a66fd1f7116: TaskStarted(40,3431,Some(AttributeKey[scala.collection.Seq[scala.Tuple2[java.lang.String,java.io.File]]]("playAllAssets") in Scope(Build: file:/F:/MS/UGA/A_Semesters/2016%20Fall/DBM/DBProject5/play-java-intro/, , Project: ProjectReference(file:/F:/MS/UGA/A_Semesters/2016%20Fall/DBM/DBProject5/play-java-intro/,root))))
Sending msg to client play-fork-run-ca745726-3d74-4bb5-b22c-3a66fd1f7116: TaskFinished(40,3434,None,true,None)
Sending msg to client play-fork-run-ca745726-3d74-4bb5-b22c-3a66fd1f7116: TaskFinished(40,3444,None,true,None)
Sending msg to client play-fork-run-ca745726-3d74-4bb5-b22c-3a66fd1f7116: TaskFinished(40,3448,Some(AttributeKey[scala.Option[java.lang.String]]("mainClass") in Scope(Build: file:/F:/MS/UGA/A_Semesters/2016%20Fall/DBM/DBProject5/play-java-intro/, , Project: ProjectReference(file:/F:/MS/UGA/A_Semesters/2016%20Fall/DBM/DBProject5/play-java-intro/,root), Config: compile, Task: AttributeKey[void]("run"))),true,None)
Sending msg to client play-fork-run-ca745726-3d74-4bb5-b22c-3a66fd1f7116: TaskFinished(40,3406,None,true,None)
Sending msg to client play-fork-run-ca745726-3d74-4bb5-b22c-3a66fd1f7116: TaskStarted(40,3405,Some(AttributeKey[scala.collection.Seq[sbt.UpdateReport]]("transitiveUpdate") in Scope(Build: file:/F:/MS/UGA/A_Semesters/2016%20Fall/DBM/DBProject5/play-java-intro/, , Project: ProjectReference(file:/F:/MS/UGA/A_Semesters/2016%20Fall/DBM/DBProject5/play-java-intro/,root))))
Sending msg to client play-fork-run-ca745726-3d74-4bb5-b22c-3a66fd1f7116: TaskFinished(40,3421,Some(AttributeKey[sbt.BuildStructure]("buildStructure") in Scope(Global)),true,None)
Sending msg to client play-fork-run-ca745726-3d74-4bb5-b22c-3a66fd1f7116: TaskStarted(40,3420,Some(AttributeKey[sbt.Settings[sbt.Scope]]("settingsData") in Scope(Global)))
Sending msg to client play-fork-run-ca745726-3d74-4bb5-b22c-3a66fd1f7116: TaskFinished(40,3399,None,true,None)
Sending msg to client play-fork-run-ca745726-3d74-4bb5-b22c-3a66fd1f7116: TaskStarted(40,3398,Some(AttributeKey[scala.collection.immutable.Map[sbt.ModuleID,sbt.SourcePosition]]("dependencyPositions") in Scope(Build: file:/F:/MS/UGA/A_Semesters/2016%20Fall/DBM/DBProject5/play-java-intro/, , Project: ProjectReference(file:/F:/MS/UGA/A_Semesters/2016%20Fall/DBM/DBProject5/play-java-intro/,root))))
Sending msg to client play-fork-run-ca745726-3d74-4bb5-b22c-3a66fd1f7116: TaskFinished(40,3411,None,true,None)
Sending msg to client play-fork-run-ca745726-3d74-4bb5-b22c-3a66fd1f7116: TaskFinished(40,3414,None,true,None)
Sending msg to client play-fork-run-ca745726-3d74-4bb5-b22c-3a66fd1f7116: TaskFinished(40,3422,None,true,None)
Sending msg to client play-fork-run-ca745726-3d74-4bb5-b22c-3a66fd1f7116: TaskFinished(40,3436,None,true,None)
Sending msg to client play-fork-run-ca745726-3d74-4bb5-b22c-3a66fd1f7116: TaskFinished(40,3403,Some(AttributeKey[java.io.File]("dependencyCacheDirectory") in Scope(Build: file:/F:/MS/UGA/A_Semesters/2016%20Fall/DBM/DBProject5/play-java-intro/, , Project: ProjectReference(file:/F:/MS/UGA/A_Semesters/2016%20Fall/DBM/DBProject5/play-java-intro/,root))),true,None)
Sending msg to client play-fork-run-ca745726-3d74-4bb5-b22c-3a66fd1f7116: TaskFinished(40,3404,None,true,None)
Sending msg to client play-fork-run-ca745726-3d74-4bb5-b22c-3a66fd1f7116: TaskFinished(40,3439,None,true,None)
Sending msg to client play-fork-run-ca745726-3d74-4bb5-b22c-3a66fd1f7116: TaskFinished(40,3447,None,true,None)
Sending msg to client play-fork-run-ca745726-3d74-4bb5-b22c-3a66fd1f7116: TaskFinished(40,3428,Some(AttributeKey[scala.collection.Seq[java.lang.String]]("javaOptions") in Scope(Build: file:/F:/MS/UGA/A_Semesters/2016%20Fall/DBM/DBProject5/play-java-intro/, )),true,None)
Sending msg to client play-fork-run-ca745726-3d74-4bb5-b22c-3a66fd1f7116: TaskFinished(40,3431,Some(AttributeKey[scala.collection.Seq[scala.Tuple2[java.lang.String,java.io.File]]]("playAllAssets") in Scope(Build: file:/F:/MS/UGA/A_Semesters/2016%20Fall/DBM/DBProject5/play-java-intro/, , Project: ProjectReference(file:/F:/MS/UGA/A_Semesters/2016%20Fall/DBM/DBProject5/play-java-intro/,root))),true,None)
Sending msg to client play-fork-run-ca745726-3d74-4bb5-b22c-3a66fd1f7116: TaskFinished(40,3405,Some(AttributeKey[scala.collection.Seq[sbt.UpdateReport]]("transitiveUpdate") in Scope(Build: file:/F:/MS/UGA/A_Semesters/2016%20Fall/DBM/DBProject5/play-java-intro/, , Project: ProjectReference(file:/F:/MS/UGA/A_Semesters/2016%20Fall/DBM/DBProject5/play-java-intro/,root))),true,None)
Sending msg to client play-fork-run-ca745726-3d74-4bb5-b22c-3a66fd1f7116: TaskFinished(40,3420,Some(AttributeKey[sbt.Settings[sbt.Scope]]("settingsData") in Scope(Global)),true,None)
Sending msg to client play-fork-run-ca745726-3d74-4bb5-b22c-3a66fd1f7116: TaskStarted(40,3419,Some(AttributeKey[scala.collection.immutable.Map[org.apache.ivy.core.module.id.ModuleRevisionId,org.apache.ivy.core.module.descriptor.ModuleDescriptor]]("projectDescriptors") in Scope(Build: file:/F:/MS/UGA/A_Semesters/2016%20Fall/DBM/DBProject5/play-java-intro/, , Project: ProjectReference(file:/F:/MS/UGA/A_Semesters/2016%20Fall/DBM/DBProject5/play-java-intro/,root))))
Sending msg to client play-fork-run-ca745726-3d74-4bb5-b22c-3a66fd1f7116: TaskStarted(40,3425,Some(AttributeKey[scala.collection.Seq[sbt.ModuleID]]("projectDependencies") in Scope(Build: file:/F:/MS/UGA/A_Semesters/2016%20Fall/DBM/DBProject5/play-java-intro/, , Project: ProjectReference(file:/F:/MS/UGA/A_Semesters/2016%20Fall/DBM/DBProject5/play-java-intro/,root))))
Sending msg to client play-fork-run-ca745726-3d74-4bb5-b22c-3a66fd1f7116: TaskStarted(40,3426,None)
Sending msg to client play-fork-run-ca745726-3d74-4bb5-b22c-3a66fd1f7116: TaskStarted(40,3433,Some(AttributeKey[scala.collection.Seq[java.io.File]]("playMonitoredFiles") in Scope(Build: file:/F:/MS/UGA/A_Semesters/2016%20Fall/DBM/DBProject5/play-java-intro/, , Project: ProjectReference(file:/F:/MS/UGA/A_Semesters/2016%20Fall/DBM/DBProject5/play-java-intro/,root))))
Sending msg to client play-fork-run-ca745726-3d74-4bb5-b22c-3a66fd1f7116: TaskStarted(40,3446,None)
Sending msg to client play-fork-run-ca745726-3d74-4bb5-b22c-3a66fd1f7116: TaskFinished(40,3398,Some(AttributeKey[scala.collection.immutable.Map[sbt.ModuleID,sbt.SourcePosition]]("dependencyPositions") in Scope(Build: file:/F:/MS/UGA/A_Semesters/2016%20Fall/DBM/DBProject5/play-java-intro/, , Project: ProjectReference(file:/F:/MS/UGA/A_Semesters/2016%20Fall/DBM/DBProject5/play-java-intro/,root))),true,None)
Sending msg to client play-fork-run-ca745726-3d74-4bb5-b22c-3a66fd1f7116: TaskStarted(40,3397,Some(AttributeKey[sbt.UnresolvedWarningConfiguration]("unresolvedWarningConfiguration") in Scope(Build: file:/F:/MS/UGA/A_Semesters/2016%20Fall/DBM/DBProject5/play-java-intro/, , Project: ProjectReference(file:/F:/MS/UGA/A_Semesters/2016%20Fall/DBM/DBProject5/play-java-intro/,root), Task: AttributeKey[sbt.UpdateReport]("update"))))
Sending msg to client play-fork-run-ca745726-3d74-4bb5-b22c-3a66fd1f7116: TaskFinished(40,3425,Some(AttributeKey[scala.collection.Seq[sbt.ModuleID]]("projectDependencies") in Scope(Build: file:/F:/MS/UGA/A_Semesters/2016%20Fall/DBM/DBProject5/play-java-intro/, , Project: ProjectReference(file:/F:/MS/UGA/A_Semesters/2016%20Fall/DBM/DBProject5/play-java-intro/,root))),true,None)
Sending msg to client play-fork-run-ca745726-3d74-4bb5-b22c-3a66fd1f7116: TaskStarted(40,3424,Some(AttributeKey[scala.collection.Seq[sbt.ModuleID]]("allDependencies") in Scope(Build: file:/F:/MS/UGA/A_Semesters/2016%20Fall/DBM/DBProject5/play-java-intro/, , Project: ProjectReference(file:/F:/MS/UGA/A_Semesters/2016%20Fall/DBM/DBProject5/play-java-intro/,root))))
Sending msg to client play-fork-run-ca745726-3d74-4bb5-b22c-3a66fd1f7116: TaskStarted(40,3450,None)
Sending msg to client play-fork-run-ca745726-3d74-4bb5-b22c-3a66fd1f7116: TaskStarted(40,3451,None)
Sending msg to client play-fork-run-ca745726-3d74-4bb5-b22c-3a66fd1f7116: TaskStarted(40,3452,None)
Sending msg to client play-fork-run-ca745726-3d74-4bb5-b22c-3a66fd1f7116: TaskStarted(40,3456,None)
Sending msg to client play-fork-run-ca745726-3d74-4bb5-b22c-3a66fd1f7116: TaskStarted(40,3457,None)
Sending msg to client play-fork-run-ca745726-3d74-4bb5-b22c-3a66fd1f7116: TaskStarted(40,3460,None)
Sending msg to client play-fork-run-ca745726-3d74-4bb5-b22c-3a66fd1f7116: TaskStarted(40,3461,None)
Sending msg to client play-fork-run-ca745726-3d74-4bb5-b22c-3a66fd1f7116: TaskStarted(40,3463,None)
Sending msg to client play-fork-run-ca745726-3d74-4bb5-b22c-3a66fd1f7116: TaskFinished(40,3397,Some(AttributeKey[sbt.UnresolvedWarningConfiguration]("unresolvedWarningConfiguration") in Scope(Build: file:/F:/MS/UGA/A_Semesters/2016%20Fall/DBM/DBProject5/play-java-intro/, , Project: ProjectReference(file:/F:/MS/UGA/A_Semesters/2016%20Fall/DBM/DBProject5/play-java-intro/,root), Task: AttributeKey[sbt.UpdateReport]("update"))),true,None)
Sending msg to client play-fork-run-ca745726-3d74-4bb5-b22c-3a66fd1f7116: TaskFinished(40,3424,Some(AttributeKey[scala.collection.Seq[sbt.ModuleID]]("allDependencies") in Scope(Build: file:/F:/MS/UGA/A_Semesters/2016%20Fall/DBM/DBProject5/play-java-intro/, , Project: ProjectReference(file:/F:/MS/UGA/A_Semesters/2016%20Fall/DBM/DBProject5/play-java-intro/,root))),true,None)
Sending msg to client play-fork-run-ca745726-3d74-4bb5-b22c-3a66fd1f7116: TaskStarted(40,3423,Some(AttributeKey[sbt.ModuleSettings]("moduleSettings") in Scope(Build: file:/F:/MS/UGA/A_Semesters/2016%20Fall/DBM/DBProject5/play-java-intro/, , Project: ProjectReference(file:/F:/MS/UGA/A_Semesters/2016%20Fall/DBM/DBProject5/play-java-intro/,root))))
Sending msg to client play-fork-run-ca745726-3d74-4bb5-b22c-3a66fd1f7116: TaskFinished(40,3450,None,true,None)
Sending msg to client play-fork-run-ca745726-3d74-4bb5-b22c-3a66fd1f7116: TaskStarted(40,3449,None)
Sending msg to client play-fork-run-ca745726-3d74-4bb5-b22c-3a66fd1f7116: TaskFinished(40,3451,None,true,None)
Sending msg to client play-fork-run-ca745726-3d74-4bb5-b22c-3a66fd1f7116: TaskFinished(40,3426,None,true,None)
Sending msg to client play-fork-run-ca745726-3d74-4bb5-b22c-3a66fd1f7116: TaskFinished(40,3456,None,true,None)
Sending msg to client play-fork-run-ca745726-3d74-4bb5-b22c-3a66fd1f7116: TaskFinished(40,3452,None,true,None)
Sending msg to client play-fork-run-ca745726-3d74-4bb5-b22c-3a66fd1f7116: TaskFinished(40,3433,Some(AttributeKey[scala.collection.Seq[java.io.File]]("playMonitoredFiles") in Scope(Build: file:/F:/MS/UGA/A_Semesters/2016%20Fall/DBM/DBProject5/play-java-intro/, , Project: ProjectReference(file:/F:/MS/UGA/A_Semesters/2016%20Fall/DBM/DBProject5/play-java-intro/,root))),true,None)
Sending msg to client play-fork-run-ca745726-3d74-4bb5-b22c-3a66fd1f7116: TaskFinished(40,3457,None,true,None)
Sending msg to client play-fork-run-ca745726-3d74-4bb5-b22c-3a66fd1f7116: TaskStarted(40,3455,Some(AttributeKey[scala.collection.Seq[sbt.Attributed[java.io.File]]]("unmanagedJars") in Scope(Build: file:/F:/MS/UGA/A_Semesters/2016%20Fall/DBM/DBProject5/play-java-intro/, , Project: ProjectReference(file:/F:/MS/UGA/A_Semesters/2016%20Fall/DBM/DBProject5/play-java-intro/,root), Config: runtime)))
Sending msg to client play-fork-run-ca745726-3d74-4bb5-b22c-3a66fd1f7116: TaskFinished(40,3461,None,true,None)
Sending msg to client play-fork-run-ca745726-3d74-4bb5-b22c-3a66fd1f7116: TaskFinished(40,3463,None,true,None)
Sending msg to client play-fork-run-ca745726-3d74-4bb5-b22c-3a66fd1f7116: TaskStarted(40,3462,None)
Sending msg to client play-fork-run-ca745726-3d74-4bb5-b22c-3a66fd1f7116: TaskFinished(40,3460,None,true,None)
Sending msg to client play-fork-run-ca745726-3d74-4bb5-b22c-3a66fd1f7116: TaskStarted(40,3459,Some(AttributeKey[scala.collection.Seq[sbt.Attributed[java.io.File]]]("unmanagedJars") in Scope(Build: file:/F:/MS/UGA/A_Semesters/2016%20Fall/DBM/DBProject5/play-java-intro/, , Project: ProjectReference(file:/F:/MS/UGA/A_Semesters/2016%20Fall/DBM/DBProject5/play-java-intro/,root), Config: compile)))
Sending msg to client play-fork-run-ca745726-3d74-4bb5-b22c-3a66fd1f7116: TaskFinished(40,3423,Some(AttributeKey[sbt.ModuleSettings]("moduleSettings") in Scope(Build: file:/F:/MS/UGA/A_Semesters/2016%20Fall/DBM/DBProject5/play-java-intro/, , Project: ProjectReference(file:/F:/MS/UGA/A_Semesters/2016%20Fall/DBM/DBProject5/play-java-intro/,root))),true,None)
Sending msg to client play-fork-run-ca745726-3d74-4bb5-b22c-3a66fd1f7116: TaskFinished(40,3449,None,true,None)
Sending msg to client play-fork-run-ca745726-3d74-4bb5-b22c-3a66fd1f7116: TaskFinished(40,3419,Some(AttributeKey[scala.collection.immutable.Map[org.apache.ivy.core.module.id.ModuleRevisionId,org.apache.ivy.core.module.descriptor.ModuleDescriptor]]("projectDescriptors") in Scope(Build: file:/F:/MS/UGA/A_Semesters/2016%20Fall/DBM/DBProject5/play-java-intro/, , Project: ProjectReference(file:/F:/MS/UGA/A_Semesters/2016%20Fall/DBM/DBProject5/play-java-intro/,root))),true,None)
Sending msg to client play-fork-run-ca745726-3d74-4bb5-b22c-3a66fd1f7116: TaskStarted(40,3418,Some(AttributeKey[sbt.Resolver]("projectResolver") in Scope(Build: file:/F:/MS/UGA/A_Semesters/2016%20Fall/DBM/DBProject5/play-java-intro/, , Project: ProjectReference(file:/F:/MS/UGA/A_Semesters/2016%20Fall/DBM/DBProject5/play-java-intro/,root))))
Sending msg to client play-fork-run-ca745726-3d74-4bb5-b22c-3a66fd1f7116: TaskFinished(40,3455,Some(AttributeKey[scala.collection.Seq[sbt.Attributed[java.io.File]]]("unmanagedJars") in Scope(Build: file:/F:/MS/UGA/A_Semesters/2016%20Fall/DBM/DBProject5/play-java-intro/, , Project: ProjectReference(file:/F:/MS/UGA/A_Semesters/2016%20Fall/DBM/DBProject5/play-java-intro/,root), Config: runtime)),true,None)
Sending msg to client play-fork-run-ca745726-3d74-4bb5-b22c-3a66fd1f7116: TaskStarted(40,3464,None)
Sending msg to client play-fork-run-ca745726-3d74-4bb5-b22c-3a66fd1f7116: TaskFinished(40,3418,Some(AttributeKey[sbt.Resolver]("projectResolver") in Scope(Build: file:/F:/MS/UGA/A_Semesters/2016%20Fall/DBM/DBProject5/play-java-intro/, , Project: ProjectReference(file:/F:/MS/UGA/A_Semesters/2016%20Fall/DBM/DBProject5/play-java-intro/,root))),true,None)
Sending msg to client play-fork-run-ca745726-3d74-4bb5-b22c-3a66fd1f7116: TaskStarted(40,3415,Some(AttributeKey[scala.collection.Seq[sbt.Resolver]]("fullResolvers") in Scope(Build: file:/F:/MS/UGA/A_Semesters/2016%20Fall/DBM/DBProject5/play-java-intro/, , Project: ProjectReference(file:/F:/MS/UGA/A_Semesters/2016%20Fall/DBM/DBProject5/play-java-intro/,root))))
Sending msg to client play-fork-run-ca745726-3d74-4bb5-b22c-3a66fd1f7116: TaskFinished(40,3459,Some(AttributeKey[scala.collection.Seq[sbt.Attributed[java.io.File]]]("unmanagedJars") in Scope(Build: file:/F:/MS/UGA/A_Semesters/2016%20Fall/DBM/DBProject5/play-java-intro/, , Project: ProjectReference(file:/F:/MS/UGA/A_Semesters/2016%20Fall/DBM/DBProject5/play-java-intro/,root), Config: compile)),true,None)
Sending msg to client play-fork-run-ca745726-3d74-4bb5-b22c-3a66fd1f7116: TaskFinished(40,3464,None,true,None)
Sending msg to client play-fork-run-ca745726-3d74-4bb5-b22c-3a66fd1f7116: TaskFinished(40,3462,None,true,None)
Sending msg to client play-fork-run-ca745726-3d74-4bb5-b22c-3a66fd1f7116: TaskStarted(40,3458,Some(AttributeKey[scala.collection.Seq[sbt.Attributed[java.io.File]]]("unmanagedJars") in Scope(Build: file:/F:/MS/UGA/A_Semesters/2016%20Fall/DBM/DBProject5/play-java-intro/, , Project: ProjectReference(file:/F:/MS/UGA/A_Semesters/2016%20Fall/DBM/DBProject5/play-java-intro/,root), Config: compile)))
Sending msg to client play-fork-run-ca745726-3d74-4bb5-b22c-3a66fd1f7116: TaskFinished(40,3415,Some(AttributeKey[scala.collection.Seq[sbt.Resolver]]("fullResolvers") in Scope(Build: file:/F:/MS/UGA/A_Semesters/2016%20Fall/DBM/DBProject5/play-java-intro/, , Project: ProjectReference(file:/F:/MS/UGA/A_Semesters/2016%20Fall/DBM/DBProject5/play-java-intro/,root))),true,None)
Sending msg to client play-fork-run-ca745726-3d74-4bb5-b22c-3a66fd1f7116: TaskStarted(40,3413,Some(AttributeKey[sbt.IvyConfiguration]("ivyConfiguration") in Scope(Build: file:/F:/MS/UGA/A_Semesters/2016%20Fall/DBM/DBProject5/play-java-intro/, , Project: ProjectReference(file:/F:/MS/UGA/A_Semesters/2016%20Fall/DBM/DBProject5/play-java-intro/,root))))
Sending msg to client play-fork-run-ca745726-3d74-4bb5-b22c-3a66fd1f7116: TaskFinished(40,3458,Some(AttributeKey[scala.collection.Seq[sbt.Attributed[java.io.File]]]("unmanagedJars") in Scope(Build: file:/F:/MS/UGA/A_Semesters/2016%20Fall/DBM/DBProject5/play-java-intro/, , Project: ProjectReference(file:/F:/MS/UGA/A_Semesters/2016%20Fall/DBM/DBProject5/play-java-intro/,root), Config: compile)),true,None)
Sending msg to client play-fork-run-ca745726-3d74-4bb5-b22c-3a66fd1f7116: TaskStarted(40,3454,None)
Sending msg to client play-fork-run-ca745726-3d74-4bb5-b22c-3a66fd1f7116: TaskFinished(40,3413,Some(AttributeKey[sbt.IvyConfiguration]("ivyConfiguration") in Scope(Build: file:/F:/MS/UGA/A_Semesters/2016%20Fall/DBM/DBProject5/play-java-intro/, , Project: ProjectReference(file:/F:/MS/UGA/A_Semesters/2016%20Fall/DBM/DBProject5/play-java-intro/,root))),true,None)
Sending msg to client play-fork-run-ca745726-3d74-4bb5-b22c-3a66fd1f7116: TaskStarted(40,3410,Some(AttributeKey[sbt.IvySbt]("ivySbt") in Scope(Build: file:/F:/MS/UGA/A_Semesters/2016%20Fall/DBM/DBProject5/play-java-intro/, , Project: ProjectReference(file:/F:/MS/UGA/A_Semesters/2016%20Fall/DBM/DBProject5/play-java-intro/,root))))
Sending msg to client play-fork-run-ca745726-3d74-4bb5-b22c-3a66fd1f7116: TaskFinished(40,3454,None,true,None)
Sending msg to client play-fork-run-ca745726-3d74-4bb5-b22c-3a66fd1f7116: TaskStarted(40,3453,None)
Sending msg to client play-fork-run-ca745726-3d74-4bb5-b22c-3a66fd1f7116: TaskFinished(40,3453,None,true,None)
Sending msg to client play-fork-run-ca745726-3d74-4bb5-b22c-3a66fd1f7116: TaskFinished(40,3446,None,true,None)
Sending msg to client play-fork-run-ca745726-3d74-4bb5-b22c-3a66fd1f7116: TaskStarted(40,3445,Some(AttributeKey[scala.collection.Seq[sbt.Attributed[java.io.File]]]("unmanagedClasspath") in Scope(Build: file:/F:/MS/UGA/A_Semesters/2016%20Fall/DBM/DBProject5/play-java-intro/, , Project: ProjectReference(file:/F:/MS/UGA/A_Semesters/2016%20Fall/DBM/DBProject5/play-java-intro/,root), Config: runtime)))
Sending msg to client play-fork-run-ca745726-3d74-4bb5-b22c-3a66fd1f7116: TaskFinished(40,3410,Some(AttributeKey[sbt.IvySbt]("ivySbt") in Scope(Build: file:/F:/MS/UGA/A_Semesters/2016%20Fall/DBM/DBProject5/play-java-intro/, , Project: ProjectReference(file:/F:/MS/UGA/A_Semesters/2016%20Fall/DBM/DBProject5/play-java-intro/,root))),true,None)
Sending msg to client play-fork-run-ca745726-3d74-4bb5-b22c-3a66fd1f7116: TaskStarted(40,3409,Some(AttributeKey[sbt.IvySbt$Module]("ivyModule") in Scope(Build: file:/F:/MS/UGA/A_Semesters/2016%20Fall/DBM/DBProject5/play-java-intro/, , Project: ProjectReference(file:/F:/MS/UGA/A_Semesters/2016%20Fall/DBM/DBProject5/play-java-intro/,root))))
Sending msg to client play-fork-run-ca745726-3d74-4bb5-b22c-3a66fd1f7116: TaskFinished(40,3445,Some(AttributeKey[scala.collection.Seq[sbt.Attributed[java.io.File]]]("unmanagedClasspath") in Scope(Build: file:/F:/MS/UGA/A_Semesters/2016%20Fall/DBM/DBProject5/play-java-intro/, , Project: ProjectReference(file:/F:/MS/UGA/A_Semesters/2016%20Fall/DBM/DBProject5/play-java-intro/,root), Config: runtime)),true,None)
Sending msg to client play-fork-run-ca745726-3d74-4bb5-b22c-3a66fd1f7116: TaskFinished(40,3409,Some(AttributeKey[sbt.IvySbt$Module]("ivyModule") in Scope(Build: file:/F:/MS/UGA/A_Semesters/2016%20Fall/DBM/DBProject5/play-java-intro/, , Project: ProjectReference(file:/F:/MS/UGA/A_Semesters/2016%20Fall/DBM/DBProject5/play-java-intro/,root))),true,None)
Sending msg to client play-fork-run-ca745726-3d74-4bb5-b22c-3a66fd1f7116: TaskStarted(40,3395,Some(AttributeKey[sbt.UpdateReport]("update") in Scope(Build: file:/F:/MS/UGA/A_Semesters/2016%20Fall/DBM/DBProject5/play-java-intro/, , Project: ProjectReference(file:/F:/MS/UGA/A_Semesters/2016%20Fall/DBM/DBProject5/play-java-intro/,root))))
Sending msg to client play-fork-run-ca745726-3d74-4bb5-b22c-3a66fd1f7116: TaskFinished(40,3395,Some(AttributeKey[sbt.UpdateReport]("update") in Scope(Build: file:/F:/MS/UGA/A_Semesters/2016%20Fall/DBM/DBProject5/play-java-intro/, , Project: ProjectReference(file:/F:/MS/UGA/A_Semesters/2016%20Fall/DBM/DBProject5/play-java-intro/,root))),true,None)
Sending msg to client play-fork-run-ca745726-3d74-4bb5-b22c-3a66fd1f7116: TaskStarted(40,3394,Some(AttributeKey[sbt.UpdateReport]("update") in Scope(Build: file:/F:/MS/UGA/A_Semesters/2016%20Fall/DBM/DBProject5/play-java-intro/, , Project: ProjectReference(file:/F:/MS/UGA/A_Semesters/2016%20Fall/DBM/DBProject5/play-java-intro/,root))))
Sending msg to client play-fork-run-ca745726-3d74-4bb5-b22c-3a66fd1f7116: TaskFinished(40,3394,Some(AttributeKey[sbt.UpdateReport]("update") in Scope(Build: file:/F:/MS/UGA/A_Semesters/2016%20Fall/DBM/DBProject5/play-java-intro/, , Project: ProjectReference(file:/F:/MS/UGA/A_Semesters/2016%20Fall/DBM/DBProject5/play-java-intro/,root))),true,None)
Sending msg to client play-fork-run-ca745726-3d74-4bb5-b22c-3a66fd1f7116: TaskStarted(40,3393,Some(AttributeKey[scala.collection.Seq[sbt.Attributed[java.io.File]]]("managedClasspath") in Scope(Build: file:/F:/MS/UGA/A_Semesters/2016%20Fall/DBM/DBProject5/play-java-intro/, , Project: ProjectReference(file:/F:/MS/UGA/A_Semesters/2016%20Fall/DBM/DBProject5/play-java-intro/,root), Config: docs)))
Sending msg to client play-fork-run-ca745726-3d74-4bb5-b22c-3a66fd1f7116: TaskStarted(40,3443,Some(AttributeKey[sbt.Configuration]("classpathConfiguration") in Scope(Build: file:/F:/MS/UGA/A_Semesters/2016%20Fall/DBM/DBProject5/play-java-intro/, , Project: ProjectReference(file:/F:/MS/UGA/A_Semesters/2016%20Fall/DBM/DBProject5/play-java-intro/,root), Config: compile)))
Sending msg to client play-fork-run-ca745726-3d74-4bb5-b22c-3a66fd1f7116: TaskFinished(40,3393,Some(AttributeKey[scala.collection.Seq[sbt.Attributed[java.io.File]]]("managedClasspath") in Scope(Build: file:/F:/MS/UGA/A_Semesters/2016%20Fall/DBM/DBProject5/play-java-intro/, , Project: ProjectReference(file:/F:/MS/UGA/A_Semesters/2016%20Fall/DBM/DBProject5/play-java-intro/,root), Config: docs)),true,None)
Sending msg to client play-fork-run-ca745726-3d74-4bb5-b22c-3a66fd1f7116: TaskStarted(40,3392,Some(AttributeKey[scala.Option[java.io.File]]("playDocsJar") in Scope(Build: file:/F:/MS/UGA/A_Semesters/2016%20Fall/DBM/DBProject5/play-java-intro/, , Project: ProjectReference(file:/F:/MS/UGA/A_Semesters/2016%20Fall/DBM/DBProject5/play-java-intro/,root))))
Sending msg to client play-fork-run-ca745726-3d74-4bb5-b22c-3a66fd1f7116: TaskFinished(40,3443,Some(AttributeKey[sbt.Configuration]("classpathConfiguration") in Scope(Build: file:/F:/MS/UGA/A_Semesters/2016%20Fall/DBM/DBProject5/play-java-intro/, , Project: ProjectReference(file:/F:/MS/UGA/A_Semesters/2016%20Fall/DBM/DBProject5/play-java-intro/,root), Config: compile)),true,None)
Sending msg to client play-fork-run-ca745726-3d74-4bb5-b22c-3a66fd1f7116: TaskStarted(40,3442,None)
Sending msg to client play-fork-run-ca745726-3d74-4bb5-b22c-3a66fd1f7116: TaskFinished(40,3392,Some(AttributeKey[scala.Option[java.io.File]]("playDocsJar") in Scope(Build: file:/F:/MS/UGA/A_Semesters/2016%20Fall/DBM/DBProject5/play-java-intro/, , Project: ProjectReference(file:/F:/MS/UGA/A_Semesters/2016%20Fall/DBM/DBProject5/play-java-intro/,root))),true,None)
Sending msg to client play-fork-run-ca745726-3d74-4bb5-b22c-3a66fd1f7116: TaskFinished(40,3442,None,true,None)
Sending msg to client play-fork-run-ca745726-3d74-4bb5-b22c-3a66fd1f7116: TaskStarted(40,3441,Some(AttributeKey[sbt.Configuration]("classpathConfiguration") in Scope(Build: file:/F:/MS/UGA/A_Semesters/2016%20Fall/DBM/DBProject5/play-java-intro/, , Project: ProjectReference(file:/F:/MS/UGA/A_Semesters/2016%20Fall/DBM/DBProject5/play-java-intro/,root), Config: runtime)))
Sending msg to client play-fork-run-ca745726-3d74-4bb5-b22c-3a66fd1f7116: TaskFinished(40,3441,Some(AttributeKey[sbt.Configuration]("classpathConfiguration") in Scope(Build: file:/F:/MS/UGA/A_Semesters/2016%20Fall/DBM/DBProject5/play-java-intro/, , Project: ProjectReference(file:/F:/MS/UGA/A_Semesters/2016%20Fall/DBM/DBProject5/play-java-intro/,root), Config: runtime)),true,None)
Sending msg to client play-fork-run-ca745726-3d74-4bb5-b22c-3a66fd1f7116: TaskStarted(40,3440,None)
Sending msg to client play-fork-run-ca745726-3d74-4bb5-b22c-3a66fd1f7116: TaskFinished(40,3440,None,true,None)
Sending msg to client play-fork-run-ca745726-3d74-4bb5-b22c-3a66fd1f7116: TaskStarted(40,3438,Some(AttributeKey[scala.collection.Seq[sbt.Attributed[java.io.File]]]("managedClasspath") in Scope(Build: file:/F:/MS/UGA/A_Semesters/2016%20Fall/DBM/DBProject5/play-java-intro/, , Project: ProjectReference(file:/F:/MS/UGA/A_Semesters/2016%20Fall/DBM/DBProject5/play-java-intro/,root), Config: runtime)))
Sending msg to client play-fork-run-ca745726-3d74-4bb5-b22c-3a66fd1f7116: TaskFinished(40,3438,Some(AttributeKey[scala.collection.Seq[sbt.Attributed[java.io.File]]]("managedClasspath") in Scope(Build: file:/F:/MS/UGA/A_Semesters/2016%20Fall/DBM/DBProject5/play-java-intro/, , Project: ProjectReference(file:/F:/MS/UGA/A_Semesters/2016%20Fall/DBM/DBProject5/play-java-intro/,root), Config: runtime)),true,None)
Sending msg to client play-fork-run-ca745726-3d74-4bb5-b22c-3a66fd1f7116: TaskStarted(40,3437,None)
Sending msg to client play-fork-run-ca745726-3d74-4bb5-b22c-3a66fd1f7116: TaskFinished(40,3437,None,true,None)
Sending msg to client play-fork-run-ca745726-3d74-4bb5-b22c-3a66fd1f7116: TaskStarted(40,3435,Some(AttributeKey[scala.collection.Seq[sbt.Attributed[java.io.File]]]("playDependencyClasspath") in Scope(Build: file:/F:/MS/UGA/A_Semesters/2016%20Fall/DBM/DBProject5/play-java-intro/, , Project: ProjectReference(file:/F:/MS/UGA/A_Semesters/2016%20Fall/DBM/DBProject5/play-java-intro/,root))))
Sending msg to client play-fork-run-ca745726-3d74-4bb5-b22c-3a66fd1f7116: TaskFinished(40,3435,Some(AttributeKey[scala.collection.Seq[sbt.Attributed[java.io.File]]]("playDependencyClasspath") in Scope(Build: file:/F:/MS/UGA/A_Semesters/2016%20Fall/DBM/DBProject5/play-java-intro/, , Project: ProjectReference(file:/F:/MS/UGA/A_Semesters/2016%20Fall/DBM/DBProject5/play-java-intro/,root))),true,None)
Sending msg to client play-fork-run-ca745726-3d74-4bb5-b22c-3a66fd1f7116: TaskStarted(40,3391,Some(AttributeKey[play.forkrun.protocol.ForkConfig]("playForkConfig") in Scope(Build: file:/F:/MS/UGA/A_Semesters/2016%20Fall/DBM/DBProject5/play-java-intro/, , Project: ProjectReference(file:/F:/MS/UGA/A_Semesters/2016%20Fall/DBM/DBProject5/play-java-intro/,root))))
Sending msg to client play-fork-run-ca745726-3d74-4bb5-b22c-3a66fd1f7116: TaskFinished(40,3391,Some(AttributeKey[play.forkrun.protocol.ForkConfig]("playForkConfig") in Scope(Build: file:/F:/MS/UGA/A_Semesters/2016%20Fall/DBM/DBProject5/play-java-intro/, , Project: ProjectReference(file:/F:/MS/UGA/A_Semesters/2016%20Fall/DBM/DBProject5/play-java-intro/,root))),true,None)
Sending msg to client play-fork-run-ca745726-3d74-4bb5-b22c-3a66fd1f7116: ValueChanged(AttributeKey[play.forkrun.protocol.ForkConfig]("playForkConfig") in Scope(Build: file:/F:/MS/UGA/A_Semesters/2016%20Fall/DBM/DBProject5/play-java-intro/, , Project: ProjectReference(file:/F:/MS/UGA/A_Semesters/2016%20Fall/DBM/DBProject5/play-java-intro/,root)),TaskSuccess(BuildValue(LazyValue(ForkConfig(F:\MS\UGA\A_Semesters\2016 Fall\DBM\DBProject5\play-java-intro,List(-Djna.nosys=true),List(C:\Users\USER\.ivy2\cache\org.scala-lang\scala-library\jars\scala-library-2.11.7.jar, C:\Users\USER\.ivy2\cache\com.typesafe.play\twirl-api_2.11\jars\twirl-api_2.11-1.1.1.jar, C:\Users\USER\.ivy2\cache\org.apache.commons\commons-lang3\jars\commons-lang3-3.4.jar, C:\Users\USER\.ivy2\cache\org.scala-lang.modules\scala-xml_2.11\bundles\scala-xml_2.11-1.0.1.jar, C:\Users\USER\.ivy2\cache\com.typesafe.play\play-enhancer\jars\play-enhancer-1.1.0.jar, C:\Users\USER\.ivy2\cache\org.javassist\javassist\bundles\javassist-3.18.2-GA.jar, C:\Users\USER\.ivy2\cache\com.typesafe.play\play-server_2.11\jars\play-server_2.11-2.5.10.jar, C:\Users\USER\.ivy2\cache\com.typesafe.play\play_2.11\jars\play_2.11-2.5.10.jar, C:\Users\USER\.ivy2\cache\com.typesafe.play\build-link\jars\build-link-2.5.10.jar, C:\Users\USER\.ivy2\cache\com.typesafe.play\play-exceptions\jars\play-exceptions-2.5.10.jar, C:\Users\USER\.ivy2\cache\com.typesafe.play\play-iteratees_2.11\jars\play-iteratees_2.11-2.5.10.jar, C:\Users\USER\.ivy2\cache\org.scala-stm\scala-stm_2.11\jars\scala-stm_2.11-0.7.jar, C:\Users\USER\.ivy2\cache\com.typesafe\config\bundles\config-1.3.0.jar, C:\Users\USER\.ivy2\cache\com.typesafe.play\play-json_2.11\jars\play-json_2.11-2.5.10.jar, C:\Users\USER\.ivy2\cache\com.typesafe.play\play-functional_2.11\jars\play-functional_2.11-2.5.10.jar, C:\Users\USER\.ivy2\cache\com.typesafe.play\play-datacommons_2.11\jars\play-datacommons_2.11-2.5.10.jar, C:\Users\USER\.ivy2\cache\joda-time\joda-time\jars\joda-time-2.9.6.jar, C:\Users\USER\.ivy2\cache\org.joda\joda-convert\jars\joda-convert-1.8.1.jar, C:\Users\USER\.ivy2\cache\org.scala-lang\scala-reflect\jars\scala-reflect-2.11.7.jar, C:\Users\USER\.ivy2\cache\com.fasterxml.jackson.core\jackson-core\bundles\jackson-core-2.7.8.jar, C:\Users\USER\.ivy2\cache\com.fasterxml.jackson.core\jackson-annotations\bundles\jackson-annotations-2.7.8.jar, C:\Users\USER\.ivy2\cache\com.fasterxml.jackson.core\jackson-databind\bundles\jackson-databind-2.7.8.jar, C:\Users\USER\.ivy2\cache\com.fasterxml.jackson.datatype\jackson-datatype-jdk8\bundles\jackson-datatype-jdk8-2.7.8.jar, C:\Users\USER\.ivy2\cache\com.fasterxml.jackson.datatype\jackson-datatype-jsr310\bundles\jackson-datatype-jsr310-2.7.8.jar, C:\Users\USER\.ivy2\cache\com.typesafe.play\play-netty-utils\jars\play-netty-utils-2.5.10.jar, C:\Users\USER\.ivy2\cache\org.slf4j\slf4j-api\jars\slf4j-api-1.7.21.jar, C:\Users\USER\.ivy2\cache\org.slf4j\jul-to-slf4j\jars\jul-to-slf4j-1.7.21.jar, C:\Users\USER\.ivy2\cache\org.slf4j\jcl-over-slf4j\jars\jcl-over-slf4j-1.7.21.jar, C:\Users\USER\.ivy2\cache\com.typesafe.play\play-streams_2.11\jars\play-streams_2.11-2.5.10.jar, C:\Users\USER\.ivy2\cache\org.reactivestreams\reactive-streams\jars\reactive-streams-1.0.0.jar, C:\Users\USER\.ivy2\cache\com.typesafe.akka\akka-stream_2.11\jars\akka-stream_2.11-2.4.12.jar, C:\Users\USER\.ivy2\cache\com.typesafe.akka\akka-actor_2.11\jars\akka-actor_2.11-2.4.12.jar, C:\Users\USER\.ivy2\cache\org.scala-lang.modules\scala-java8-compat_2.11\bundles\scala-java8-compat_2.11-0.7.0.jar, C:\Users\USER\.ivy2\cache\com.typesafe\ssl-config-core_2.11\bundles\ssl-config-core_2.11-0.2.1.jar, C:\Users\USER\.ivy2\cache\org.scala-lang.modules\scala-parser-combinators_2.11\bundles\scala-parser-combinators_2.11-1.0.4.jar, C:\Users\USER\.ivy2\cache\com.typesafe.akka\akka-slf4j_2.11\jars\akka-slf4j_2.11-2.4.12.jar, C:\Users\USER\.ivy2\cache\commons-codec\commons-codec\jars\commons-codec-1.10.jar, C:\Users\USER\.ivy2\cache\xerces\xercesImpl\jars\xercesImpl-2.11.0.jar, C:\Users\USER\.ivy2\cache\xml-apis\xml-apis\jars\xml-apis-1.4.01.jar, C:\Users\USER\.ivy2\cache\javax.transaction\jta\jars\jta-1.1.jar, C:\Users\USER\.ivy2\cache\com.google.inject\guice\jars\guice-4.0.jar, C:\Users\USER\.ivy2\cache\javax.inject\javax.inject\jars\javax.inject-1.jar, C:\Users\USER\.ivy2\cache\aopalliance\aopalliance\jars\aopalliance-1.0.jar, C:\Users\USER\.ivy2\cache\com.google.inject.extensions\guice-assistedinject\jars\guice-assistedinject-4.0.jar, C:\Users\USER\.ivy2\cache\com.typesafe.play\play-java_2.11\jars\play-java_2.11-2.5.10.jar, C:\Users\USER\.ivy2\cache\org.yaml\snakeyaml\bundles\snakeyaml-1.16.jar, C:\Users\USER\.ivy2\cache\org.hibernate\hibernate-validator\jars\hibernate-validator-5.2.4.Final.jar, C:\Users\USER\.ivy2\cache\javax.validation\validation-api\jars\validation-api-1.1.0.Final.jar, C:\Users\USER\.ivy2\cache\org.jboss.logging\jboss-logging\jars\jboss-logging-3.2.1.Final.jar, C:\Users\USER\.ivy2\cache\com.fasterxml\classmate\bundles\classmate-1.1.0.jar, C:\Users\USER\.ivy2\cache\javax.el\javax.el-api\jars\javax.el-api-3.0.0.jar, C:\Users\USER\.ivy2\cache\org.springframework\spring-context\jars\spring-context-4.2.7.RELEASE.jar, C:\Users\USER\.ivy2\cache\org.springframework\spring-core\jars\spring-core-4.2.7.RELEASE.jar, C:\Users\USER\.ivy2\cache\org.springframework\spring-beans\jars\spring-beans-4.2.7.RELEASE.jar, C:\Users\USER\.ivy2\cache\org.reflections\reflections\jars\reflections-0.9.10.jar, C:\Users\USER\.ivy2\cache\com.google.guava\guava\bundles\guava-19.0.jar, C:\Users\USER\.ivy2\cache\net.jodah\typetools\bundles\typetools-0.4.4.jar, C:\Users\USER\.ivy2\cache\com.google.code.findbugs\jsr305\jars\jsr305-3.0.1.jar, C:\Users\USER\.ivy2\cache\org.apache.tomcat\tomcat-servlet-api\jars\tomcat-servlet-api-8.0.33.jar, C:\Users\USER\.ivy2\cache\com.typesafe.play\play-netty-server_2.11\jars\play-netty-server_2.11-2.5.10.jar, C:\Users\USER\.ivy2\cache\com.typesafe.netty\netty-reactive-streams-http\jars\netty-reactive-streams-http-1.0.8.jar, C:\Users\USER\.ivy2\cache\com.typesafe.netty\netty-reactive-streams\jars\netty-reactive-streams-1.0.8.jar, C:\Users\USER\.ivy2\cache\io.netty\netty-handler\jars\netty-handler-4.0.41.Final.jar, C:\Users\USER\.ivy2\cache\io.netty\netty-buffer\jars\netty-buffer-4.0.41.Final.jar, C:\Users\USER\.ivy2\cache\io.netty\netty-common\jars\netty-common-4.0.41.Final.jar, C:\Users\USER\.ivy2\cache\io.netty\netty-transport\jars\netty-transport-4.0.41.Final.jar, C:\Users\USER\.ivy2\cache\io.netty\netty-codec\jars\netty-codec-4.0.41.Final.jar, C:\Users\USER\.ivy2\cache\io.netty\netty-codec-http\jars\netty-codec-http-4.0.41.Final.jar, C:\Users\USER\.ivy2\cache\io.netty\netty-transport-native-epoll\jars\netty-transport-native-epoll-4.0.41.Final-linux-x86_64.jar, C:\Users\USER\.ivy2\cache\com.typesafe.play\play-logback_2.11\jars\play-logback_2.11-2.5.10.jar, C:\Users\USER\.ivy2\cache\ch.qos.logback\logback-classic\jars\logback-classic-1.1.7.jar, C:\Users\USER\.ivy2\cache\ch.qos.logback\logback-core\jars\logback-core-1.1.7.jar, C:\Users\USER\.ivy2\cache\mysql\mysql-connector-java\jars\mysql-connector-java-5.1.12.jar, C:\Users\USER\.ivy2\cache\com.typesafe.play\play-java-jpa_2.11\jars\play-java-jpa_2.11-2.5.10.jar, C:\Users\USER\.ivy2\cache\com.typesafe.play\play-java-jdbc_2.11\jars\play-java-jdbc_2.11-2.5.10.jar, C:\Users\USER\.ivy2\cache\com.typesafe.play\play-jdbc_2.11\jars\play-jdbc_2.11-2.5.10.jar, C:\Users\USER\.ivy2\cache\com.typesafe.play\play-jdbc-api_2.11\jars\play-jdbc-api_2.11-2.5.10.jar, C:\Users\USER\.ivy2\cache\com.jolbox\bonecp\bundles\bonecp-0.8.0.RELEASE.jar, C:\Users\USER\.ivy2\cache\com.zaxxer\HikariCP\bundles\HikariCP-2.5.1.jar, C:\Users\USER\.ivy2\cache\com.googlecode.usc\jdbcdslog\jars\jdbcdslog-1.0.6.2.jar, C:\Users\USER\.ivy2\cache\com.h2database\h2\jars\h2-1.4.192.jar, C:\Users\USER\.ivy2\cache\tyrex\tyrex\jars\tyrex-1.0.1.jar, C:\Users\USER\.ivy2\cache\org.hibernate.javax.persistence\hibernate-jpa-2.1-api\jars\hibernate-jpa-2.1-api-1.0.0.Final.jar, C:\Users\USER\.ivy2\cache\org.hibernate\hibernate-entitymanager\jars\hibernate-entitymanager-4.3.7.Final.jar, C:\Users\USER\.ivy2\cache\org.jboss.logging\jboss-logging-annotations\jars\jboss-logging-annotations-1.2.0.Beta1.jar, C:\Users\USER\.ivy2\cache\org.hibernate\hibernate-core\jars\hibernate-core-4.3.7.Final.jar, C:\Users\USER\.ivy2\cache\org.jboss.spec.javax.transaction\jboss-transaction-api_1.2_spec\jars\jboss-transaction-api_1.2_spec-1.0.0.Final.jar, C:\Users\USER\.ivy2\cache\dom4j\dom4j\jars\dom4j-1.6.1.jar, C:\Users\USER\.ivy2\cache\org.hibernate.common\hibernate-commons-annotations\jars\hibernate-commons-annotations-4.0.5.Final.jar, C:\Users\USER\.ivy2\cache\antlr\antlr\jars\antlr-2.7.7.jar, C:\Users\USER\.ivy2\cache\org.jboss\jandex\jars\jandex-1.1.0.Final.jar),List((public/,F:\MS\UGA\A_Semesters\2016 Fall\DBM\DBProject5\play-java-intro\target\web\public\main)),List(C:\Users\USER\.ivy2\cache\com.typesafe.play\play-omnidoc_2.11\jars\play-omnidoc_2.11-2.5.10.jar, C:\Users\USER\.ivy2\cache\org.scala-lang\scala-library\jars\scala-library-2.11.7.jar, C:\Users\USER\.ivy2\cache\com.typesafe.play\play-docs_2.11\jars\play-docs_2.11-2.5.10.jar, C:\Users\USER\.ivy2\cache\com.typesafe.play\play-netty-server_2.11\jars\play-netty-server_2.11-2.5.10.jar, C:\Users\USER\.ivy2\cache\com.typesafe.play\play-server_2.11\jars\play-server_2.11-2.5.10.jar, C:\Users\USER\.ivy2\cache\com.typesafe.play\play_2.11\jars\play_2.11-2.5.10.jar, C:\Users\USER\.ivy2\cache\com.typesafe.play\build-link\jars\build-link-2.5.10.jar, C:\Users\USER\.ivy2\cache\com.typesafe.play\play-exceptions\jars\play-exceptions-2.5.10.jar, C:\Users\USER\.ivy2\cache\com.typesafe.play\play-iteratees_2.11\jars\play-iteratees_2.11-2.5.10.jar, C:\Users\USER\.ivy2\cache\org.scala-stm\scala-stm_2.11\jars\scala-stm_2.11-0.7.jar, C:\Users\USER\.ivy2\cache\com.typesafe\config\bundles\config-1.3.0.jar, C:\Users\USER\.ivy2\cache\com.typesafe.play\play-json_2.11\jars\play-json_2.11-2.5.10.jar, C:\Users\USER\.ivy2\cache\com.typesafe.play\play-functional_2.11\jars\play-functional_2.11-2.5.10.jar, C:\Users\USER\.ivy2\cache\com.typesafe.play\play-datacommons_2.11\jars\play-datacommons_2.11-2.5.10.jar, C:\Users\USER\.ivy2\cache\joda-time\joda-time\jars\joda-time-2.9.6.jar, C:\Users\USER\.ivy2\cache\org.joda\joda-convert\jars\joda-convert-1.8.1.jar, C:\Users\USER\.ivy2\cache\org.scala-lang\scala-reflect\jars\scala-reflect-2.11.7.jar, C:\Users\USER\.ivy2\cache\com.fasterxml.jackson.core\jackson-core\bundles\jackson-core-2.7.8.jar, C:\Users\USER\.ivy2\cache\com.fasterxml.jackson.core\jackson-annotations\bundles\jackson-annotations-2.7.8.jar, C:\Users\USER\.ivy2\cache\com.fasterxml.jackson.core\jackson-databind\bundles\jackson-databind-2.7.8.jar, C:\Users\USER\.ivy2\cache\com.fasterxml.jackson.datatype\jackson-datatype-jdk8\bundles\jackson-datatype-jdk8-2.7.8.jar, C:\Users\USER\.ivy2\cache\com.fasterxml.jackson.datatype\jackson-datatype-jsr310\bundles\jackson-datatype-jsr310-2.7.8.jar, C:\Users\USER\.ivy2\cache\com.typesafe.play\play-netty-utils\jars\play-netty-utils-2.5.10.jar, C:\Users\USER\.ivy2\cache\org.slf4j\slf4j-api\jars\slf4j-api-1.7.21.jar, C:\Users\USER\.ivy2\cache\org.slf4j\jul-to-slf4j\jars\jul-to-slf4j-1.7.21.jar, C:\Users\USER\.ivy2\cache\org.slf4j\jcl-over-slf4j\jars\jcl-over-slf4j-1.7.21.jar, C:\Users\USER\.ivy2\cache\com.typesafe.play\play-streams_2.11\jars\play-streams_2.11-2.5.10.jar, C:\Users\USER\.ivy2\cache\org.reactivestreams\reactive-streams\jars\reactive-streams-1.0.0.jar, C:\Users\USER\.ivy2\cache\com.typesafe.akka\akka-stream_2.11\jars\akka-stream_2.11-2.4.12.jar, C:\Users\USER\.ivy2\cache\com.typesafe.akka\akka-actor_2.11\jars\akka-actor_2.11-2.4.12.jar, C:\Users\USER\.ivy2\cache\org.scala-lang.modules\scala-java8-compat_2.11\bundles\scala-java8-compat_2.11-0.7.0.jar, C:\Users\USER\.ivy2\cache\com.typesafe\ssl-config-core_2.11\bundles\ssl-config-core_2.11-0.2.1.jar, C:\Users\USER\.ivy2\cache\org.scala-lang.modules\scala-parser-combinators_2.11\bundles\scala-parser-combinators_2.11-1.0.4.jar, C:\Users\USER\.ivy2\cache\com.typesafe.play\twirl-api_2.11\jars\twirl-api_2.11-1.1.1.jar, C:\Users\USER\.ivy2\cache\org.apache.commons\commons-lang3\jars\commons-lang3-3.4.jar, C:\Users\USER\.ivy2\cache\org.scala-lang.modules\scala-xml_2.11\bundles\scala-xml_2.11-1.0.1.jar, C:\Users\USER\.ivy2\cache\com.typesafe.akka\akka-slf4j_2.11\jars\akka-slf4j_2.11-2.4.12.jar, C:\Users\USER\.ivy2\cache\commons-codec\commons-codec\jars\commons-codec-1.10.jar, C:\Users\USER\.ivy2\cache\xerces\xercesImpl\jars\xercesImpl-2.11.0.jar, C:\Users\USER\.ivy2\cache\xml-apis\xml-apis\jars\xml-apis-1.4.01.jar, C:\Users\USER\.ivy2\cache\javax.transaction\jta\jars\jta-1.1.jar, C:\Users\USER\.ivy2\cache\com.google.inject\guice\jars\guice-4.0.jar, C:\Users\USER\.ivy2\cache\javax.inject\javax.inject\jars\javax.inject-1.jar, C:\Users\USER\.ivy2\cache\aopalliance\aopalliance\jars\aopalliance-1.0.jar, C:\Users\USER\.ivy2\cache\com.google.guava\guava\bundles\guava-16.0.1.jar, C:\Users\USER\.ivy2\cache\com.google.inject.extensions\guice-assistedinject\jars\guice-assistedinject-4.0.jar, C:\Users\USER\.ivy2\cache\com.typesafe.netty\netty-reactive-streams-http\jars\netty-reactive-streams-http-1.0.8.jar, C:\Users\USER\.ivy2\cache\com.typesafe.netty\netty-reactive-streams\jars\netty-reactive-streams-1.0.8.jar, C:\Users\USER\.ivy2\cache\io.netty\netty-handler\jars\netty-handler-4.0.41.Final.jar, C:\Users\USER\.ivy2\cache\io.netty\netty-buffer\jars\netty-buffer-4.0.41.Final.jar, C:\Users\USER\.ivy2\cache\io.netty\netty-common\jars\netty-common-4.0.41.Final.jar, C:\Users\USER\.ivy2\cache\io.netty\netty-transport\jars\netty-transport-4.0.41.Final.jar, C:\Users\USER\.ivy2\cache\io.netty\netty-codec\jars\netty-codec-4.0.41.Final.jar, C:\Users\USER\.ivy2\cache\io.netty\netty-codec-http\jars\netty-codec-http-4.0.41.Final.jar, C:\Users\USER\.ivy2\cache\io.netty\netty-transport-native-epoll\jars\netty-transport-native-epoll-4.0.41.Final-linux-x86_64.jar, C:\Users\USER\.ivy2\cache\com.typesafe.play\play-doc_2.11\jars\play-doc_2.11-1.2.2.jar, C:\Users\USER\.ivy2\cache\org.pegdown\pegdown\jars\pegdown-1.4.0.jar, C:\Users\USER\.ivy2\cache\org.parboiled\parboiled-java\bundles\parboiled-java-1.1.5.jar, C:\Users\USER\.ivy2\cache\org.parboiled\parboiled-core\bundles\parboiled-core-1.1.5.jar, C:\Users\USER\.ivy2\cache\org.ow2.asm\asm\jars\asm-4.1.jar, C:\Users\USER\.ivy2\cache\org.ow2.asm\asm-tree\jars\asm-tree-4.1.jar, C:\Users\USER\.ivy2\cache\org.ow2.asm\asm-analysis\jars\asm-analysis-4.1.jar, C:\Users\USER\.ivy2\cache\org.ow2.asm\asm-util\jars\asm-util-4.1.jar, C:\Users\USER\.ivy2\cache\commons-io\commons-io\jars\commons-io-2.4.jar),Some(C:\Users\USER\.ivy2\cache\com.typesafe.play\play-omnidoc_2.11\jars\play-omnidoc_2.11-2.5.10.jar),List(),9000,0.0.0.0,DefaultWatchService,List(F:\MS\UGA\A_Semesters\2016 Fall\DBM\DBProject5\play-java-intro\public, F:\MS\UGA\A_Semesters\2016 Fall\DBM\DBProject5\play-java-intro\conf, F:\MS\UGA\A_Semesters\2016 Fall\DBM\DBProject5\play-java-intro\app),F:\MS\UGA\A_Semesters\2016 Fall\DBM\DBProject5\play-java-intro\target,500,root/playForkNotifyStart,root/playForkReload,300000,play.core.server.DevServerStart),scala.pickling.PicklerUnpickler$DelegatingPicklerUnpickler@6a439758),ForkConfig(F:\MS\UGA\A_Semesters\2016 Fall\DBM\DBProject5\play-java-intro,List(-Djna.nosys=true),List(C:\Users\USER\.ivy2\cache\org.scala-lang\scala-library\jars\scala-library-2.11.7.jar, C:\Users\USER\.ivy2\cache\com.typesafe.play\twirl-api_2.11\jars\twirl-api_2.11-1.1.1.jar, C:\Users\USER\.ivy2\cache\org.apache.commons\commons-lang3\jars\commons-lang3-3.4.jar, C:\Users\USER\.ivy2\cache\org.scala-lang.modules\scala-xml_2.11\bundles\scala-xml_2.11-1.0.1.jar, C:\Users\USER\.ivy2\cache\com.typesafe.play\play-enhancer\jars\play-enhancer-1.1.0.jar, C:\Users\USER\.ivy2\cache\org.javassist\javassist\bundles\javassist-3.18.2-GA.jar, C:\Users\USER\.ivy2\cache\com.typesafe.play\play-server_2.11\jars\play-server_2.11-2.5.10.jar, C:\Users\USER\.ivy2\cache\com.typesafe.play\play_2.11\jars\play_2.11-2.5.10.jar, C:\Users\USER\.ivy2\cache\com.typesafe.play\build-link\jars\build-link-2.5.10.jar, C:\Users\USER\.ivy2\cache\com.typesafe.play\play-exceptions\jars\play-exceptions-2.5.10.jar, C:\Users\USER\.ivy2\cache\com.typesafe.play\play-iteratees_2.11\jars\play-iteratees_2.11-2.5.10.jar, C:\Users\USER\.ivy2\cache\org.scala-stm\scala-stm_2.11\jars\scala-stm_2.11-0.7.jar, C:\Users\USER\.ivy2\cache\com.typesafe\config\bundles\config-1.3.0.jar, C:\Users\USER\.ivy2\cache\com.typesafe.play\play-json_2.11\jars\play-json_2.11-2.5.10.jar, C:\Users\USER\.ivy2\cache\com.typesafe.play\play-functional_2.11\jars\play-functional_2.11-2.5.10.jar, C:\Users\USER\.ivy2\cache\com.typesafe.play\play-datacommons_2.11\jars\play-datacommons_2.11-2.5.10.jar, C:\Users\USER\.ivy2\cache\joda-time\joda-time\jars\joda-time-2.9.6.jar, C:\Users\USER\.ivy2\cache\org.joda\joda-convert\jars\joda-convert-1.8.1.jar, C:\Users\USER\.ivy2\cache\org.scala-lang\scala-reflect\jars\scala-reflect-2.11.7.jar, C:\Users\USER\.ivy2\cache\com.fasterxml.jackson.core\jackson-core\bundles\jackson-core-2.7.8.jar, C:\Users\USER\.ivy2\cache\com.fasterxml.jackson.core\jackson-annotations\bundles\jackson-annotations-2.7.8.jar, C:\Users\USER\.ivy2\cache\com.fasterxml.jackson.core\jackson-databind\bundles\jackson-databind-2.7.8.jar, C:\Users\USER\.ivy2\cache\com.fasterxml.jackson.datatype\jackson-datatype-jdk8\bundles\jackson-datatype-jdk8-2.7.8.jar, C:\Users\USER\.ivy2\cache\com.fasterxml.jackson.datatype\jackson-datatype-jsr310\bundles\jackson-datatype-jsr310-2.7.8.jar, C:\Users\USER\.ivy2\cache\com.typesafe.play\play-netty-utils\jars\play-netty-utils-2.5.10.jar, C:\Users\USER\.ivy2\cache\org.slf4j\slf4j-api\jars\slf4j-api-1.7.21.jar, C:\Users\USER\.ivy2\cache\org.slf4j\jul-to-slf4j\jars\jul-to-slf4j-1.7.21.jar, C:\Users\USER\.ivy2\cache\org.slf4j\jcl-over-slf4j\jars\jcl-over-slf4j-1.7.21.jar, C:\Users\USER\.ivy2\cache\com.typesafe.play\play-streams_2.11\jars\play-streams_2.11-2.5.10.jar, C:\Users\USER\.ivy2\cache\org.reactivestreams\reactive-streams\jars\reactive-streams-1.0.0.jar, C:\Users\USER\.ivy2\cache\com.typesafe.akka\akka-stream_2.11\jars\akka-stream_2.11-2.4.12.jar, C:\Users\USER\.ivy2\cache\com.typesafe.akka\akka-actor_2.11\jars\akka-actor_2.11-2.4.12.jar, C:\Users\USER\.ivy2\cache\org.scala-lang.modules\scala-java8-compat_2.11\bundles\scala-java8-compat_2.11-0.7.0.jar, C:\Users\USER\.ivy2\cache\com.typesafe\ssl-config-core_2.11\bundles\ssl-config-core_2.11-0.2.1.jar, C:\Users\USER\.ivy2\cache\org.scala-lang.modules\scala-parser-combinators_2.11\bundles\scala-parser-combinators_2.11-1.0.4.jar, C:\Users\USER\.ivy2\cache\com.typesafe.akka\akka-slf4j_2.11\jars\akka-slf4j_2.11-2.4.12.jar, C:\Users\USER\.ivy2\cache\commons-codec\commons-codec\jars\commons-codec-1.10.jar, C:\Users\USER\.ivy2\cache\xerces\xercesImpl\jars\xercesImpl-2.11.0.jar, C:\Users\USER\.ivy2\cache\xml-apis\xml-apis\jars\xml-apis-1.4.01.jar, C:\Users\USER\.ivy2\cache\javax.transaction\jta\jars\jta-1.1.jar, C:\Users\USER\.ivy2\cache\com.google.inject\guice\jars\guice-4.0.jar, C:\Users\USER\.ivy2\cache\javax.inject\javax.inject\jars\javax.inject-1.jar, C:\Users\USER\.ivy2\cache\aopalliance\aopalliance\jars\aopalliance-1.0.jar, C:\Users\USER\.ivy2\cache\com.google.inject.extensions\guice-assistedinject\jars\guice-assistedinject-4.0.jar, C:\Users\USER\.ivy2\cache\com.typesafe.play\play-java_2.11\jars\play-java_2.11-2.5.10.jar, C:\Users\USER\.ivy2\cache\org.yaml\snakeyaml\bundles\snakeyaml-1.16.jar, C:\Users\USER\.ivy2\cache\org.hibernate\hibernate-validator\jars\hibernate-validator-5.2.4.Final.jar, C:\Users\USER\.ivy2\cache\javax.validation\validation-api\jars\validation-api-1.1.0.Final.jar, C:\Users\USER\.ivy2\cache\org.jboss.logging\jboss-logging\jars\jboss-logging-3.2.1.Final.jar, C:\Users\USER\.ivy2\cache\com.fasterxml\classmate\bundles\classmate-1.1.0.jar, C:\Users\USER\.ivy2\cache\javax.el\javax.el-api\jars\javax.el-api-3.0.0.jar, C:\Users\USER\.ivy2\cache\org.springframework\spring-context\jars\spring-context-4.2.7.RELEASE.jar, C:\Users\USER\.ivy2\cache\org.springframework\spring-core\jars\spring-core-4.2.7.RELEASE.jar, C:\Users\USER\.ivy2\cache\org.springframework\spring-beans\jars\spring-beans-4.2.7.RELEASE.jar, C:\Users\USER\.ivy2\cache\org.reflections\reflections\jars\reflections-0.9.10.jar, C:\Users\USER\.ivy2\cache\com.google.guava\guava\bundles\guava-19.0.jar, C:\Users\USER\.ivy2\cache\net.jodah\typetools\bundles\typetools-0.4.4.jar, C:\Users\USER\.ivy2\cache\com.google.code.findbugs\jsr305\jars\jsr305-3.0.1.jar, C:\Users\USER\.ivy2\cache\org.apache.tomcat\tomcat-servlet-api\jars\tomcat-servlet-api-8.0.33.jar, C:\Users\USER\.ivy2\cache\com.typesafe.play\play-netty-server_2.11\jars\play-netty-server_2.11-2.5.10.jar, C:\Users\USER\.ivy2\cache\com.typesafe.netty\netty-reactive-streams-http\jars\netty-reactive-streams-http-1.0.8.jar, C:\Users\USER\.ivy2\cache\com.typesafe.netty\netty-reactive-streams\jars\netty-reactive-streams-1.0.8.jar, C:\Users\USER\.ivy2\cache\io.netty\netty-handler\jars\netty-handler-4.0.41.Final.jar, C:\Users\USER\.ivy2\cache\io.netty\netty-buffer\jars\netty-buffer-4.0.41.Final.jar, C:\Users\USER\.ivy2\cache\io.netty\netty-common\jars\netty-common-4.0.41.Final.jar, C:\Users\USER\.ivy2\cache\io.netty\netty-transport\jars\netty-transport-4.0.41.Final.jar, C:\Users\USER\.ivy2\cache\io.netty\netty-codec\jars\netty-codec-4.0.41.Final.jar, C:\Users\USER\.ivy2\cache\io.netty\netty-codec-http\jars\netty-codec-http-4.0.41.Final.jar, C:\Users\USER\.ivy2\cache\io.netty\netty-transport-native-epoll\jars\netty-transport-native-epoll-4.0.41.Final-linux-x86_64.jar, C:\Users\USER\.ivy2\cache\com.typesafe.play\play-logback_2.11\jars\play-logback_2.11-2.5.10.jar, C:\Users\USER\.ivy2\cache\ch.qos.logback\logback-classic\jars\logback-classic-1.1.7.jar, C:\Users\USER\.ivy2\cache\ch.qos.logback\logback-core\jars\logback-core-1.1.7.jar, C:\Users\USER\.ivy2\cache\mysql\mysql-connector-java\jars\mysql-connector-java-5.1.12.jar, C:\Users\USER\.ivy2\cache\com.typesafe.play\play-java-jpa_2.11\jars\play-java-jpa_2.11-2.5.10.jar, C:\Users\USER\.ivy2\cache\com.typesafe.play\play-java-jdbc_2.11\jars\play-java-jdbc_2.11-2.5.10.jar, C:\Users\USER\.ivy2\cache\com.typesafe.play\play-jdbc_2.11\jars\play-jdbc_2.11-2.5.10.jar, C:\Users\USER\.ivy2\cache\com.typesafe.play\play-jdbc-api_2.11\jars\play-jdbc-api_2.11-2.5.10.jar, C:\Users\USER\.ivy2\cache\com.jolbox\bonecp\bundles\bonecp-0.8.0.RELEASE.jar, C:\Users\USER\.ivy2\cache\com.zaxxer\HikariCP\bundles\HikariCP-2.5.1.jar, C:\Users\USER\.ivy2\cache\com.googlecode.usc\jdbcdslog\jars\jdbcdslog-1.0.6.2.jar, C:\Users\USER\.ivy2\cache\com.h2database\h2\jars\h2-1.4.192.jar, C:\Users\USER\.ivy2\cache\tyrex\tyrex\jars\tyrex-1.0.1.jar, C:\Users\USER\.ivy2\cache\org.hibernate.javax.persistence\hibernate-jpa-2.1-api\jars\hibernate-jpa-2.1-api-1.0.0.Final.jar, C:\Users\USER\.ivy2\cache\org.hibernate\hibernate-entitymanager\jars\hibernate-entitymanager-4.3.7.Final.jar, C:\Users\USER\.ivy2\cache\org.jboss.logging\jboss-logging-annotations\jars\jboss-logging-annotations-1.2.0.Beta1.jar, C:\Users\USER\.ivy2\cache\org.hibernate\hibernate-core\jars\hibernate-core-4.3.7.Final.jar, C:\Users\USER\.ivy2\cache\org.jboss.spec.javax.transaction\jboss-transaction-api_1.2_spec\jars\jboss-transaction-api_1.2_spec-1.0.0.Final.jar, C:\Users\USER\.ivy2\cache\dom4j\dom4j\jars\dom4j-1.6.1.jar, C:\Users\USER\.ivy2\cache\org.hibernate.common\hibernate-commons-annotations\jars\hibernate-commons-annotations-4.0.5.Final.jar, C:\Users\USER\.ivy2\cache\antlr\antlr\jars\antlr-2.7.7.jar, C:\Users\USER\.ivy2\cache\org.jboss\jandex\jars\jandex-1.1.0.Final.jar),List((public/,F:\MS\UGA\A_Semesters\2016 Fall\DBM\DBProject5\play-java-intro\target\web\public\main)),List(C:\Users\USER\.ivy2\cache\com.typesafe.play\play-omnidoc_2.11\jars\play-omnidoc_2.11-2.5.10.jar, C:\Users\USER\.ivy2\cache\org.scala-lang\scala-library\jars\scala-library-2.11.7.jar, C:\Users\USER\.ivy2\cache\com.typesafe.play\play-docs_2.11\jars\play-docs_2.11-2.5.10.jar, C:\Users\USER\.ivy2\cache\com.typesafe.play\play-netty-server_2.11\jars\play-netty-server_2.11-2.5.10.jar, C:\Users\USER\.ivy2\cache\com.typesafe.play\play-server_2.11\jars\play-server_2.11-2.5.10.jar, C:\Users\USER\.ivy2\cache\com.typesafe.play\play_2.11\jars\play_2.11-2.5.10.jar, C:\Users\USER\.ivy2\cache\com.typesafe.play\build-link\jars\build-link-2.5.10.jar, C:\Users\USER\.ivy2\cache\com.typesafe.play\play-exceptions\jars\play-exceptions-2.5.10.jar, C:\Users\USER\.ivy2\cache\com.typesafe.play\play-iteratees_2.11\jars\play-iteratees_2.11-2.5.10.jar, C:\Users\USER\.ivy2\cache\org.scala-stm\scala-stm_2.11\jars\scala-stm_2.11-0.7.jar, C:\Users\USER\.ivy2\cache\com.typesafe\config\bundles\config-1.3.0.jar, C:\Users\USER\.ivy2\cache\com.typesafe.play\play-json_2.11\jars\play-json_2.11-2.5.10.jar, C:\Users\USER\.ivy2\cache\com.typesafe.play\play-functional_2.11\jars\play-functional_2.11-2.5.10.jar, C:\Users\USER\.ivy2\cache\com.typesafe.play\play-datacommons_2.11\jars\play-datacommons_2.11-2.5.10.jar, C:\Users\USER\.ivy2\cache\joda-time\joda-time\jars\joda-time-2.9.6.jar, C:\Users\USER\.ivy2\cache\org.joda\joda-convert\jars\joda-convert-1.8.1.jar, C:\Users\USER\.ivy2\cache\org.scala-lang\scala-reflect\jars\scala-reflect-2.11.7.jar, C:\Users\USER\.ivy2\cache\com.fasterxml.jackson.core\jackson-core\bundles\jackson-core-2.7.8.jar, C:\Users\USER\.ivy2\cache\com.fasterxml.jackson.core\jackson-annotations\bundles\jackson-annotations-2.7.8.jar, C:\Users\USER\.ivy2\cache\com.fasterxml.jackson.core\jackson-databind\bundles\jackson-databind-2.7.8.jar, C:\Users\USER\.ivy2\cache\com.fasterxml.jackson.datatype\jackson-datatype-jdk8\bundles\jackson-datatype-jdk8-2.7.8.jar, C:\Users\USER\.ivy2\cache\com.fasterxml.jackson.datatype\jackson-datatype-jsr310\bundles\jackson-datatype-jsr310-2.7.8.jar, C:\Users\USER\.ivy2\cache\com.typesafe.play\play-netty-utils\jars\play-netty-utils-2.5.10.jar, C:\Users\USER\.ivy2\cache\org.slf4j\slf4j-api\jars\slf4j-api-1.7.21.jar, C:\Users\USER\.ivy2\cache\org.slf4j\jul-to-slf4j\jars\jul-to-slf4j-1.7.21.jar, C:\Users\USER\.ivy2\cache\org.slf4j\jcl-over-slf4j\jars\jcl-over-slf4j-1.7.21.jar, C:\Users\USER\.ivy2\cache\com.typesafe.play\play-streams_2.11\jars\play-streams_2.11-2.5.10.jar, C:\Users\USER\.ivy2\cache\org.reactivestreams\reactive-streams\jars\reactive-streams-1.0.0.jar, C:\Users\USER\.ivy2\cache\com.typesafe.akka\akka-stream_2.11\jars\akka-stream_2.11-2.4.12.jar, C:\Users\USER\.ivy2\cache\com.typesafe.akka\akka-actor_2.11\jars\akka-actor_2.11-2.4.12.jar, C:\Users\USER\.ivy2\cache\org.scala-lang.modules\scala-java8-compat_2.11\bundles\scala-java8-compat_2.11-0.7.0.jar, C:\Users\USER\.ivy2\cache\com.typesafe\ssl-config-core_2.11\bundles\ssl-config-core_2.11-0.2.1.jar, C:\Users\USER\.ivy2\cache\org.scala-lang.modules\scala-parser-combinators_2.11\bundles\scala-parser-combinators_2.11-1.0.4.jar, C:\Users\USER\.ivy2\cache\com.typesafe.play\twirl-api_2.11\jars\twirl-api_2.11-1.1.1.jar, C:\Users\USER\.ivy2\cache\org.apache.commons\commons-lang3\jars\commons-lang3-3.4.jar, C:\Users\USER\.ivy2\cache\org.scala-lang.modules\scala-xml_2.11\bundles\scala-xml_2.11-1.0.1.jar, C:\Users\USER\.ivy2\cache\com.typesafe.akka\akka-slf4j_2.11\jars\akka-slf4j_2.11-2.4.12.jar, C:\Users\USER\.ivy2\cache\commons-codec\commons-codec\jars\commons-codec-1.10.jar, C:\Users\USER\.ivy2\cache\xerces\xercesImpl\jars\xercesImpl-2.11.0.jar, C:\Users\USER\.ivy2\cache\xml-apis\xml-apis\jars\xml-apis-1.4.01.jar, C:\Users\USER\.ivy2\cache\javax.transaction\jta\jars\jta-1.1.jar, C:\Users\USER\.ivy2\cache\com.google.inject\guice\jars\guice-4.0.jar, C:\Users\USER\.ivy2\cache\javax.inject\javax.inject\jars\javax.inject-1.jar, C:\Users\USER\.ivy2\cache\aopalliance\aopalliance\jars\aopalliance-1.0.jar, C:\Users\USER\.ivy2\cache\com.google.guava\guava\bundles\guava-16.0.1.jar, C:\Users\USER\.ivy2\cache\com.google.inject.extensions\guice-assistedinject\jars\guice-assistedinject-4.0.jar, C:\Users\USER\.ivy2\cache\com.typesafe.netty\netty-reactive-streams-http\jars\netty-reactive-streams-http-1.0.8.jar, C:\Users\USER\.ivy2\cache\com.typesafe.netty\netty-reactive-streams\jars\netty-reactive-streams-1.0.8.jar, C:\Users\USER\.ivy2\cache\io.netty\netty-handler\jars\netty-handler-4.0.41.Final.jar, C:\Users\USER\.ivy2\cache\io.netty\netty-buffer\jars\netty-buffer-4.0.41.Final.jar, C:\Users\USER\.ivy2\cache\io.netty\netty-common\jars\netty-common-4.0.41.Final.jar, C:\Users\USER\.ivy2\cache\io.netty\netty-transport\jars\netty-transport-4.0.41.Final.jar, C:\Users\USER\.ivy2\cache\io.netty\netty-codec\jars\netty-codec-4.0.41.Final.jar, C:\Users\USER\.ivy2\cache\io.netty\netty-codec-http\jars\netty-codec-http-4.0.41.Final.jar, C:\Users\USER\.ivy2\cache\io.netty\netty-transport-native-epoll\jars\netty-transport-native-epoll-4.0.41.Final-linux-x86_64.jar, C:\Users\USER\.ivy2\cache\com.typesafe.play\play-doc_2.11\jars\play-doc_2.11-1.2.2.jar, C:\Users\USER\.ivy2\cache\org.pegdown\pegdown\jars\pegdown-1.4.0.jar, C:\Users\USER\.ivy2\cache\org.parboiled\parboiled-java\bundles\parboiled-java-1.1.5.jar, C:\Users\USER\.ivy2\cache\org.parboiled\parboiled-core\bundles\parboiled-core-1.1.5.jar, C:\Users\USER\.ivy2\cache\org.ow2.asm\asm\jars\asm-4.1.jar, C:\Users\USER\.ivy2\cache\org.ow2.asm\asm-tree\jars\asm-tree-4.1.jar, C:\Users\USER\.ivy2\cache\org.ow2.asm\asm-analysis\jars\asm-analysis-4.1.jar, C:\Users\USER\.ivy2\cache\org.ow2.asm\asm-util\jars\asm-util-4.1.jar, C:\Users\USER\.ivy2\cache\commons-io\commons-io\jars\commons-io-2.4.jar),Some(C:\Users\USER\.ivy2\cache\com.typesafe.play\play-omnidoc_2.11\jars\play-omnidoc_2.11-2.5.10.jar),List(),9000,0.0.0.0,DefaultWatchService,List(F:\MS\UGA\A_Semesters\2016 Fall\DBM\DBProject5\play-java-intro\public, F:\MS\UGA\A_Semesters\2016 Fall\DBM\DBProject5\play-java-intro\conf, F:\MS\UGA\A_Semesters\2016 Fall\DBM\DBProject5\play-java-intro\app),F:\MS\UGA\A_Semesters\2016 Fall\DBM\DBProject5\play-java-intro\target,500,root/playForkNotifyStart,root/playForkReload,300000,play.core.server.DevServerStart))))
Sending msg to client play-fork-run-ca745726-3d74-4bb5-b22c-3a66fd1f7116: TaskStarted(40,3390,None)
Sending msg to client play-fork-run-ca745726-3d74-4bb5-b22c-3a66fd1f7116: TaskFinished(40,3390,None,true,None)
Sending msg to client play-fork-run-ca745726-3d74-4bb5-b22c-3a66fd1f7116: TaskStarted(40,3389,None)
Sending msg to client play-fork-run-ca745726-3d74-4bb5-b22c-3a66fd1f7116: TaskFinished(40,3389,None,true,None)
Sending msg to client play-fork-run-ca745726-3d74-4bb5-b22c-3a66fd1f7116: DetachedLogEvent(LogMessage(debug,cancel strategy finish enabled=false lastCommand=Some(LastCommand(CommandExecutionWork(ExecutionId(40),{file:/F:/MS/UGA/A_Semesters/2016%20Fall/DBM/DBProject5/play-java-intro/}root/*:playForkConfig,Set(LiveClient(play-fork-run ca745726-3d74-4bb5-b22c-3a66fd1f7116)),sbt.server.WorkCancellationStatus$$anon$1@5570c779)))))
Sending msg to client play-fork-run-ca745726-3d74-4bb5-b22c-3a66fd1f7116: DetachedLogEvent(LogSuccess(Total time: 0 s, completed 28 Nov, 2016 10:39:26 PM))
Sending msg to client play-fork-run-ca745726-3d74-4bb5-b22c-3a66fd1f7116: DetachedLogEvent(LogMessage(debug,> server-post-command-cleanup))
Sending msg to client play-fork-run-ca745726-3d74-4bb5-b22c-3a66fd1f7116: ExecutionSuccess(40)
Sending msg to client play-fork-run-ca745726-3d74-4bb5-b22c-3a66fd1f7116: DetachedLogEvent(LogMessage(debug,> server-handle-next-server-request))
Sending msg to client play-fork-run-ca745726-3d74-4bb5-b22c-3a66fd1f7116: BackgroundJobLogEvent(6,LogMessage(info,))
Sending msg to client play-fork-run-ca745726-3d74-4bb5-b22c-3a66fd1f7116: BackgroundJobLogEvent(6,LogMessage(info,--- (Running the application, auto-reloading is enabled) ---))
Sending msg to client play-fork-run-ca745726-3d74-4bb5-b22c-3a66fd1f7116: BackgroundJobLogEvent(6,LogMessage(info,))
Sending msg to client play-fork-run-ca745726-3d74-4bb5-b22c-3a66fd1f7116: BackgroundJobLogEvent(6,LogMessage(info,p.c.s.NettyServer - Listening for HTTP on /0:0:0:0:0:0:0:0:9000))
Sending msg to client play-fork-run-ca745726-3d74-4bb5-b22c-3a66fd1f7116: BackgroundJobLogEvent(6,LogMessage(info,))
Sending msg to client play-fork-run-ca745726-3d74-4bb5-b22c-3a66fd1f7116: BackgroundJobLogEvent(6,LogMessage(info,(Server started, use Ctrl+D to stop and go back to the console...)))
Sending msg to client play-fork-run-ca745726-3d74-4bb5-b22c-3a66fd1f7116: BackgroundJobLogEvent(6,LogMessage(info,))
Got request: ExecutionRequest(root/playForkNotifyStart http://localhost:9000)
Reading next message from client.
Sending msg to client play-fork-run-ca745726-3d74-4bb5-b22c-3a66fd1f7116: (8,ExecutionRequestReceived(41))
Sending msg to client play-fork-run-ca745726-3d74-4bb5-b22c-3a66fd1f7116: ExecutionWaiting(41,root/playForkNotifyStart http://localhost:9000,ClientInfo(ca745726-3d74-4bb5-b22c-3a66fd1f7116,play-fork-run,Play Fork Run,1,Vector()))
Sending msg to client play-fork-run-ca745726-3d74-4bb5-b22c-3a66fd1f7116: ExecutionStarting(41)
Sending msg to client play-fork-run-ca745726-3d74-4bb5-b22c-3a66fd1f7116: DetachedLogEvent(LogMessage(debug,> root/playForkNotifyStart http://localhost:9000))
Sending msg to client play-fork-run-ca745726-3d74-4bb5-b22c-3a66fd1f7116: DetachedLogEvent(LogMessage(debug,Evaluating tasks: *:playForkNotifyStart))
Sending msg to client play-fork-run-ca745726-3d74-4bb5-b22c-3a66fd1f7116: DetachedLogEvent(LogMessage(debug,Running task... Cancel: sbt.server.ServerTaskCancellation@2d144ada, check cycles: false))
Sending msg to client play-fork-run-ca745726-3d74-4bb5-b22c-3a66fd1f7116: DetachedLogEvent(LogMessage(debug,cancel strategy start enabled=true lastCommand=Some(LastCommand(CommandExecutionWork(ExecutionId(41),root/playForkNotifyStart http://localhost:9000,Set(LiveClient(play-fork-run ca745726-3d74-4bb5-b22c-3a66fd1f7116)),sbt.server.WorkCancellationStatus$$anon$1@58a7f0d7)))))
Sending msg to client play-fork-run-ca745726-3d74-4bb5-b22c-3a66fd1f7116: TaskStarted(41,3469,Some(AttributeKey[sbt.SendEventService]("sendEventService") in Scope(Global)))
Sending msg to client play-fork-run-ca745726-3d74-4bb5-b22c-3a66fd1f7116: TaskFinished(41,3469,Some(AttributeKey[sbt.SendEventService]("sendEventService") in Scope(Global)),true,None)
Sending msg to client play-fork-run-ca745726-3d74-4bb5-b22c-3a66fd1f7116: TaskStarted(41,3468,Some(AttributeKey[scala.Function1[java.lang.String,void]]("playForkStarted") in Scope(Build: file:/F:/MS/UGA/A_Semesters/2016%20Fall/DBM/DBProject5/play-java-intro/, , Project: ProjectReference(file:/F:/MS/UGA/A_Semesters/2016%20Fall/DBM/DBProject5/play-java-intro/,root))))
Sending msg to client play-fork-run-ca745726-3d74-4bb5-b22c-3a66fd1f7116: TaskFinished(41,3468,Some(AttributeKey[scala.Function1[java.lang.String,void]]("playForkStarted") in Scope(Build: file:/F:/MS/UGA/A_Semesters/2016%20Fall/DBM/DBProject5/play-java-intro/, , Project: ProjectReference(file:/F:/MS/UGA/A_Semesters/2016%20Fall/DBM/DBProject5/play-java-intro/,root))),true,None)
Sending msg to client play-fork-run-ca745726-3d74-4bb5-b22c-3a66fd1f7116: TaskStarted(41,3467,Some(AttributeKey[void]("playForkNotifyStart") in Scope(Build: file:/F:/MS/UGA/A_Semesters/2016%20Fall/DBM/DBProject5/play-java-intro/, , Project: ProjectReference(file:/F:/MS/UGA/A_Semesters/2016%20Fall/DBM/DBProject5/play-java-intro/,root))))
Sending msg to client play-fork-run-ca745726-3d74-4bb5-b22c-3a66fd1f7116: TaskEvent(3467,LazyValue(PlayServerStarted(http://localhost:9000),play.forkrun.protocol.Serializers$PlayForkrunProtocolPlayServerStartedPickler1$2$@7c8f817a))
Sending msg to client play-fork-run-ca745726-3d74-4bb5-b22c-3a66fd1f7116: TaskFinished(41,3467,Some(AttributeKey[void]("playForkNotifyStart") in Scope(Build: file:/F:/MS/UGA/A_Semesters/2016%20Fall/DBM/DBProject5/play-java-intro/, , Project: ProjectReference(file:/F:/MS/UGA/A_Semesters/2016%20Fall/DBM/DBProject5/play-java-intro/,root))),true,None)
Sending msg to client play-fork-run-ca745726-3d74-4bb5-b22c-3a66fd1f7116: TaskStarted(41,3466,None)
Sending msg to client play-fork-run-ca745726-3d74-4bb5-b22c-3a66fd1f7116: TaskFinished(41,3466,None,true,None)
Sending msg to client play-fork-run-ca745726-3d74-4bb5-b22c-3a66fd1f7116: TaskStarted(41,3465,None)
Sending msg to client play-fork-run-ca745726-3d74-4bb5-b22c-3a66fd1f7116: TaskFinished(41,3465,None,true,None)
Sending msg to client play-fork-run-ca745726-3d74-4bb5-b22c-3a66fd1f7116: DetachedLogEvent(LogMessage(debug,cancel strategy finish enabled=false lastCommand=Some(LastCommand(CommandExecutionWork(ExecutionId(41),root/playForkNotifyStart http://localhost:9000,Set(LiveClient(play-fork-run ca745726-3d74-4bb5-b22c-3a66fd1f7116)),sbt.server.WorkCancellationStatus$$anon$1@58a7f0d7)))))
Sending msg to client play-fork-run-ca745726-3d74-4bb5-b22c-3a66fd1f7116: DetachedLogEvent(LogSuccess(Total time: 0 s, completed 28 Nov, 2016 10:39:28 PM))
Sending msg to client play-fork-run-ca745726-3d74-4bb5-b22c-3a66fd1f7116: DetachedLogEvent(LogMessage(debug,> server-post-command-cleanup))
Sending msg to client play-fork-run-ca745726-3d74-4bb5-b22c-3a66fd1f7116: ExecutionSuccess(41)
Sending msg to client play-fork-run-ca745726-3d74-4bb5-b22c-3a66fd1f7116: DetachedLogEvent(LogMessage(debug,> server-handle-next-server-request))
Sending msg to client play-fork-run-ca745726-3d74-4bb5-b22c-3a66fd1f7116: ExecutionWaiting(42,jobStop 6,ClientInfo(be34f845-c685-487d-9baf-b2d8d39a34b9,activator,Activator,3,Vector()))
Sending msg to client play-fork-run-ca745726-3d74-4bb5-b22c-3a66fd1f7116: ExecutionStarting(42)
Sending msg to client play-fork-run-ca745726-3d74-4bb5-b22c-3a66fd1f7116: DetachedLogEvent(LogMessage(debug,> jobStop 6))
Sending msg to client play-fork-run-ca745726-3d74-4bb5-b22c-3a66fd1f7116: DetachedLogEvent(LogMessage(debug,Evaluating tasks: *:jobStop))
Sending msg to client play-fork-run-ca745726-3d74-4bb5-b22c-3a66fd1f7116: DetachedLogEvent(LogMessage(debug,Running task... Cancel: sbt.server.ServerTaskCancellation@5ee29f1d, check cycles: false))
Sending msg to client play-fork-run-ca745726-3d74-4bb5-b22c-3a66fd1f7116: DetachedLogEvent(LogMessage(debug,cancel strategy start enabled=true lastCommand=Some(LastCommand(CommandExecutionWork(ExecutionId(42),jobStop 6,Set(LiveClient(activator be34f845-c685-487d-9baf-b2d8d39a34b9)),sbt.server.WorkCancellationStatus$$anon$1@60d6eff5)))))
Sending msg to client play-fork-run-ca745726-3d74-4bb5-b22c-3a66fd1f7116: TaskStarted(42,3472,Some(AttributeKey[void]("jobStop") in Scope(Global)))
Sending msg to client play-fork-run-ca745726-3d74-4bb5-b22c-3a66fd1f7116: TaskFinished(42,3472,Some(AttributeKey[void]("jobStop") in Scope(Global)),true,None)
Sending msg to client play-fork-run-ca745726-3d74-4bb5-b22c-3a66fd1f7116: TaskStarted(42,3471,None)
Sending msg to client play-fork-run-ca745726-3d74-4bb5-b22c-3a66fd1f7116: BackgroundJobLogEvent(6,LogMessage(info,Stopping Play fork run ...))
Sending msg to client play-fork-run-ca745726-3d74-4bb5-b22c-3a66fd1f7116: TaskFinished(42,3471,None,true,None)
Sending msg to client play-fork-run-ca745726-3d74-4bb5-b22c-3a66fd1f7116: TaskStarted(42,3470,None)
Sending msg to client play-fork-run-ca745726-3d74-4bb5-b22c-3a66fd1f7116: TaskFinished(42,3470,None,true,None)
Sending msg to client play-fork-run-ca745726-3d74-4bb5-b22c-3a66fd1f7116: DetachedLogEvent(LogMessage(debug,cancel strategy finish enabled=false lastCommand=Some(LastCommand(CommandExecutionWork(ExecutionId(42),jobStop 6,Set(LiveClient(activator be34f845-c685-487d-9baf-b2d8d39a34b9)),sbt.server.WorkCancellationStatus$$anon$1@60d6eff5)))))
Sending msg to client play-fork-run-ca745726-3d74-4bb5-b22c-3a66fd1f7116: DetachedLogEvent(LogSuccess(Total time: 0 s, completed 28 Nov, 2016 10:39:50 PM))
Sending msg to client play-fork-run-ca745726-3d74-4bb5-b22c-3a66fd1f7116: DetachedLogEvent(LogMessage(debug,> server-post-command-cleanup))
Sending msg to client play-fork-run-ca745726-3d74-4bb5-b22c-3a66fd1f7116: ExecutionSuccess(42)
Sending msg to client play-fork-run-ca745726-3d74-4bb5-b22c-3a66fd1f7116: DetachedLogEvent(LogMessage(debug,> server-handle-next-server-request))
Sending msg to client play-fork-run-ca745726-3d74-4bb5-b22c-3a66fd1f7116: BackgroundJobLogEvent(6,LogMessage(info,p.c.s.NettyServer - Stopping server...))
Got request: UnlistenToEvents()
Reading next message from client.
Sending msg to client play-fork-run-ca745726-3d74-4bb5-b22c-3a66fd1f7116: (9,ReceivedResponse())
Got request: UnlistenToValue(AttributeKey[play.forkrun.protocol.ForkConfig]("playForkConfig") in Scope(Build: file:/F:/MS/UGA/A_Semesters/2016%20Fall/DBM/DBProject5/play-java-intro/, , Project: ProjectReference(file:/F:/MS/UGA/A_Semesters/2016%20Fall/DBM/DBProject5/play-java-intro/,root)))
Reading next message from client.
Client play-fork-run-ca745726-3d74-4bb5-b22c-3a66fd1f7116 EOF, shutting down.
Stopping client.
Client play-fork-run-ca745726-3d74-4bb5-b22c-3a66fd1f7116 thread exiting.
Dropping message (10,ReceivedResponse()) to dead client play-fork-run-ca745726-3d74-4bb5-b22c-3a66fd1f7116
Dropping message (0,ReceivedResponse()) to dead client play-fork-run-ca745726-3d74-4bb5-b22c-3a66fd1f7116
